#
# There is insufficient memory for the Java Runtime Environment to continue.
# Native memory allocation (mmap) failed to map 51380224 bytes for Failed to commit area from 0x000000008f300000 to 0x0000000092400000 of length 51380224.
# Possible reasons:
#   The system is out of physical RAM or swap space
#   The process is running with CompressedOops enabled, and the Java Heap may be blocking the growth of the native heap
# Possible solutions:
#   Reduce memory load on the system
#   Increase physical memory or swap space
#   Check if swap backing store is full
#   Decrease Java heap size (-Xmx/-Xms)
#   Decrease number of Java threads
#   Decrease Java thread stack sizes (-Xss)
#   Set larger code cache with -XX:ReservedCodeCacheSize=
#   JVM is running with Unscaled Compressed Oops mode in which the Java heap is
#     placed in the first 4GB address space. The Java Heap base address is the
#     maximum limit for the native heap growth. Please use -XX:HeapBaseMinAddress
#     to set the Java Heap base and to place the Java Heap above 4GB virtual address.
# This output file may be truncated or incomplete.
#
#  Out of Memory Error (./src/hotspot/os/windows/os_windows.cpp:3303), pid=9024, tid=8568
#
# JRE version: OpenJDK Runtime Environment (11.0.8+10) (build 11.0.8+10-b944.6842174)
# Java VM: OpenJDK 64-Bit Server VM (11.0.8+10-b944.6842174, mixed mode, tiered, compressed oops, g1 gc, windows-amd64)
# No core dump will be written. Minidumps are not enabled by default on client versions of Windows
#

---------------  S U M M A R Y ------------

Command Line: --add-opens=java.base/java.util=ALL-UNNAMED --add-opens=java.base/java.lang=ALL-UNNAMED --add-opens=java.base/java.lang.invoke=ALL-UNNAMED --add-opens=java.prefs/java.util.prefs=ALL-UNNAMED -Xmx2048m -Dfile.encoding=UTF-8 -Duser.country=US -Duser.language=en -Duser.variant org.gradle.launcher.daemon.bootstrap.GradleDaemon 6.7.1

Host: Intel(R) Celeron(R) CPU  N3150  @ 1.60GHz, 4 cores, 3G,  Windows 10 , 64 bit Build 19041 (10.0.19041.1466)
Time: Mon Feb  7 18:48:09 2022 GTB Standard Time elapsed time: 5761 seconds (0d 1h 36m 1s)

---------------  T H R E A D  ---------------

Current thread (0x000001ddfc0da000):  VMThread "VM Thread" [stack: 0x000000678df00000,0x000000678e000000] [id=8568]

Stack: [0x000000678df00000,0x000000678e000000]
[error occurred during error reporting (printing stack bounds), id 0xc0000005, EXCEPTION_ACCESS_VIOLATION (0xc0000005) at pc=0x000001dd80000dbd]

Native frames: (J=compiled Java code, j=interpreted, Vv=VM code, C=native code)
V  [jvm.dll+0x5de50a]
V  [jvm.dll+0x7122f5]
V  [jvm.dll+0x71384d]
V  [jvm.dll+0x713e65]
V  [jvm.dll+0x713e1b]
V  [jvm.dll+0x5dd958]
V  [jvm.dll+0x5de0f8]
C  [ntdll.dll+0xa20cf]
C  [ntdll.dll+0x51454]
C  [ntdll.dll+0xa0bfe]
C  0x000001dd80000dbd

VM_Operation (0x0000006796dfc040): G1CollectForAllocation, mode: safepoint, requested by thread 0x000001ddfe632000


---------------  P R O C E S S  ---------------

Threads class SMR info:
_java_thread_list=0x000001dd96ea9750, length=148, elements={
0x000001ddf167e800, 0x000001ddfc0e0000, 0x000001ddfc0e3000, 0x000001ddfc0ec000,
0x000001ddfca72800, 0x000001ddfc0f8000, 0x000001ddfc10a000, 0x000001ddfc113800,
0x000001ddfcbc2800, 0x000001ddfcbe3800, 0x000001ddfe937000, 0x000001ddfe8b9000,
0x000001ddfd9a4000, 0x000001ddfe630800, 0x000001ddfe633000, 0x000001ddfe631000,
0x000001ddfe62e800, 0x000001dd8ffee800, 0x000001ddff1c8000, 0x000001ddff1cd000,
0x000001dd943b3000, 0x000001dd96aba000, 0x000001dd96abb000, 0x000001dd96abc800,
0x000001dd96ab8000, 0x000001dd96ab9800, 0x000001dd96ab7000, 0x000001dd96abd800,
0x000001dd96abe800, 0x000001dd96ab8800, 0x000001dd96ac4000, 0x000001dd96ac5000,
0x000001dd96ac3000, 0x000001dd96ac2800, 0x000001dd96abf000, 0x000001dd96ac0000,
0x000001dd96ac1000, 0x000001dd96ac5800, 0x000001dd96ac1800, 0x000001dd96de5800,
0x000001dd96de3000, 0x000001dd96de8000, 0x000001dd96de7000, 0x000001dd96de9000,
0x000001dd96de5000, 0x000001dd96de9800, 0x000001dd96de4000, 0x000001dd96dea800,
0x000001dd96dec000, 0x000001dd96deb800, 0x000001dd96de6800, 0x000001dd96ded000,
0x000001dd96dee000, 0x000001dd96def800, 0x000001dd96df0000, 0x000001dd96df1000,
0x000001dd96df2000, 0x000001dd943b1800, 0x000001dd943b2000, 0x000001dd943b8000,
0x000001dd943b8800, 0x000001dd943b9800, 0x000001dd943b5800, 0x000001dd943b7000,
0x000001dd943b6000, 0x000001dd943b4800, 0x000001dd943b3800, 0x000001dd943bb000,
0x000001dd943ba800, 0x000001dd943bd800, 0x000001dd943bc000, 0x000001dd943be800,
0x000001dd943bf000, 0x000001dd943c0000, 0x000001dd943bc800, 0x000001dd92039800,
0x000001dd9203d000, 0x000001dd9203a800, 0x000001dd92040000, 0x000001dd92041000,
0x000001dd9203b800, 0x000001dd9203e000, 0x000001dd92042000, 0x000001dd9203c000,
0x000001dd92045000, 0x000001dd92044800, 0x000001dd92046000, 0x000001dd92046800,
0x000001dd92047800, 0x000001dd92048800, 0x000001dd92042800, 0x000001dd92043800,
0x000001dd8ffef000, 0x000001dd8fff3000, 0x000001dd8fff4000, 0x000001dd8fff0000,
0x000001dd8fff0800, 0x000001dd8fff5000, 0x000001dd8fff5800, 0x000001dd8fff6800,
0x000001dd8fff1800, 0x000001dd8fffc000, 0x000001dd8fffb800, 0x000001dd8fff9000,
0x000001dd8fff9800, 0x000001dd8fffa800, 0x000001dd8fffd000, 0x000001dd8fff7000,
0x000001dd8fff8000, 0x000001dd96ecb800, 0x000001dd96ed0000, 0x000001dd96ece800,
0x000001dd96ecd000, 0x000001dd96ecf800, 0x000001dd96eca800, 0x000001dd96ed1000,
0x000001dd96ecc000, 0x000001dd96ed2000, 0x000001dd96ed3800, 0x000001dd96ed8800,
0x000001dd96ed9000, 0x000001dd96ed4800, 0x000001dd96ed5000, 0x000001dd96ed6800,
0x000001dd96ed7800, 0x000001dd96ed6000, 0x000001ddff1c1800, 0x000001ddff1c3000,
0x000001ddff1c4000, 0x000001ddff1c4800, 0x000001ddff1c0800, 0x000001ddff1bf000,
0x000001ddff1c5800, 0x000001ddff1c2800, 0x000001ddff1ca800, 0x000001ddff1cb000,
0x000001ddff1cc000, 0x000001ddff1c6800, 0x000001ddff1c7000, 0x000001ddff1c9800,
0x000001ddff1cd800, 0x000001ddfe62e000, 0x000001ddfe62f800, 0x000001ddfe632000,
0x000001ddfe62d000, 0x000001ddfe633800, 0x000001dd92beb800, 0x000001dd92beb000
}

Java Threads: ( => current thread )
  0x000001ddf167e800 JavaThread "main" [_thread_blocked, id=11836, stack(0x000000678d900000,0x000000678da00000)]
  0x000001ddfc0e0000 JavaThread "Reference Handler" daemon [_thread_blocked, id=6800, stack(0x000000678e000000,0x000000678e100000)]
  0x000001ddfc0e3000 JavaThread "Finalizer" daemon [_thread_blocked, id=12104, stack(0x000000678e100000,0x000000678e200000)]
  0x000001ddfc0ec000 JavaThread "Signal Dispatcher" daemon [_thread_blocked, id=3768, stack(0x000000678e200000,0x000000678e300000)]
  0x000001ddfca72800 JavaThread "Attach Listener" daemon [_thread_blocked, id=10948, stack(0x000000678e300000,0x000000678e400000)]
  0x000001ddfc0f8000 JavaThread "C2 CompilerThread0" daemon [_thread_blocked, id=3432, stack(0x000000678e400000,0x000000678e500000)]
  0x000001ddfc10a000 JavaThread "C1 CompilerThread0" daemon [_thread_blocked, id=4264, stack(0x000000678e500000,0x000000678e600000)]
  0x000001ddfc113800 JavaThread "Sweeper thread" daemon [_thread_blocked, id=9192, stack(0x000000678e600000,0x000000678e700000)]
  0x000001ddfcbc2800 JavaThread "Common-Cleaner" daemon [_thread_blocked, id=8936, stack(0x000000678e700000,0x000000678e800000)]
  0x000001ddfcbe3800 JavaThread "Service Thread" daemon [_thread_blocked, id=9484, stack(0x000000678e800000,0x000000678e900000)]
  0x000001ddfe937000 JavaThread "Daemon health stats" [_thread_blocked, id=9620, stack(0x000000678eb00000,0x000000678ec00000)]
  0x000001ddfe8b9000 JavaThread "Incoming local TCP Connector on port 57088" [_thread_in_native, id=11892, stack(0x000000678ee00000,0x000000678ef00000)]
  0x000001ddfd9a4000 JavaThread "Daemon periodic checks" [_thread_blocked, id=12900, stack(0x000000678ef00000,0x000000678f000000)]
  0x000001ddfe630800 JavaThread "Cache worker for file hash cache (C:\Users\VITP\.gradle\caches\6.7.1\fileHashes)" [_thread_blocked, id=11136, stack(0x000000678f900000,0x000000678fa00000)]
  0x000001ddfe633000 JavaThread "File lock request listener" [_thread_in_native, id=11584, stack(0x000000678fa00000,0x000000678fb00000)]
  0x000001ddfe631000 JavaThread "Cache worker for journal cache (C:\Users\VITP\.gradle\caches\journal-1)" [_thread_blocked, id=7740, stack(0x000000678fb00000,0x000000678fc00000)]
  0x000001ddfe62e800 JavaThread "Cache worker for execution history cache (C:\Users\VITP\.gradle\caches\6.7.1\executionHistory)" [_thread_blocked, id=12984, stack(0x0000006790000000,0x0000006790100000)]
  0x000001dd8ffee800 JavaThread "Cache worker for file content cache (C:\Users\VITP\.gradle\caches\6.7.1\fileContent)" [_thread_blocked, id=10064, stack(0x0000006790200000,0x0000006790300000)]
  0x000001ddff1c8000 JavaThread "Memory manager" [_thread_blocked, id=4792, stack(0x0000006796a00000,0x0000006796b00000)]
  0x000001ddff1cd000 JavaThread "Cache worker for Java compile cache (C:\Users\VITP\.gradle\caches\6.7.1\javaCompile)" [_thread_blocked, id=2904, stack(0x0000006797100000,0x0000006797200000)]
  0x000001dd943b3000 JavaThread "ForkJoinPool.commonPool-worker-7" daemon [_thread_blocked, id=8228, stack(0x0000006797400000,0x0000006797500000)]
  0x000001dd96aba000 JavaThread "Daemon Thread 11" [_thread_blocked, id=2624, stack(0x000000678d600000,0x000000678d700000)]
  0x000001dd96abb000 JavaThread "Handler for socket connection from /127.0.0.1:57088 to /127.0.0.1:57489" [_thread_in_native, id=10556, stack(0x000000678d700000,0x000000678d800000)]
  0x000001dd96abc800 JavaThread "Cancel handler" [_thread_blocked, id=12280, stack(0x000000678d800000,0x000000678d900000)]
  0x000001dd96ab8000 JavaThread "Daemon worker Thread 11" [_thread_blocked, id=11808, stack(0x000000678ec00000,0x000000678ed00000)]
  0x000001dd96ab9800 JavaThread "Asynchronous log dispatcher for DefaultDaemonConnection: socket connection from /127.0.0.1:57088 to /127.0.0.1:57489" [_thread_blocked, id=4072, stack(0x000000678ed00000,0x000000678ee00000)]
  0x000001dd96ab7000 JavaThread "Stdin handler" [_thread_blocked, id=9856, stack(0x000000678f000000,0x000000678f100000)]
  0x000001dd96abd800 JavaThread "Thread-1585" [_thread_blocked, id=6508, stack(0x000000678f100000,0x000000678f200000)]
  0x000001dd96abe800 JavaThread "Cache worker for file hash cache (E:\ImnuriTineretCahul\.gradle\6.7.1\fileHashes)" [_thread_blocked, id=6472, stack(0x000000678f400000,0x000000678f500000)]
  0x000001dd96ab8800 JavaThread "Cache worker for checksums cache (E:\ImnuriTineretCahul\.gradle\checksums)" [_thread_blocked, id=4580, stack(0x000000678f500000,0x000000678f600000)]
  0x000001dd96ac4000 JavaThread "Cache worker for cache directory md-supplier (C:\Users\VITP\.gradle\caches\6.7.1\md-supplier)" [_thread_blocked, id=6152, stack(0x000000678f600000,0x000000678f700000)]
  0x000001dd96ac5000 JavaThread "Cache worker for cache directory md-rule (C:\Users\VITP\.gradle\caches\6.7.1\md-rule)" [_thread_blocked, id=4744, stack(0x000000678f700000,0x000000678f800000)]
  0x000001dd96ac3000 JavaThread "jar transforms Thread 1189" [_thread_blocked, id=8504, stack(0x000000678f800000,0x000000678f900000)]
  0x000001dd96ac2800 JavaThread "Cache worker for Build Output Cleanup Cache (E:\ImnuriTineretCahul\.gradle\buildOutputCleanup)" [_thread_blocked, id=12092, stack(0x000000678fc00000,0x000000678fd00000)]
  0x000001dd96abf000 JavaThread "Build operations" [_thread_blocked, id=7720, stack(0x000000678fd00000,0x000000678fe00000)]
  0x000001dd96ac0000 JavaThread "Build operations Thread 2" [_thread_blocked, id=8596, stack(0x000000678fe00000,0x000000678ff00000)]
  0x000001dd96ac1000 JavaThread "Build operations Thread 3" [_thread_blocked, id=8796, stack(0x000000678ff00000,0x0000006790000000)]
  0x000001dd96ac5800 JavaThread "Build operations Thread 4" [_thread_blocked, id=6436, stack(0x0000006790100000,0x0000006790200000)]
  0x000001dd96ac1800 JavaThread "jar transforms Thread 1190" [_thread_blocked, id=6384, stack(0x0000006790300000,0x0000006790400000)]
  0x000001dd96de5800 JavaThread "jar transforms Thread 1191" [_thread_blocked, id=6048, stack(0x0000006790400000,0x0000006790500000)]
  0x000001dd96de3000 JavaThread "jar transforms Thread 1192" [_thread_blocked, id=11272, stack(0x0000006790500000,0x0000006790600000)]
  0x000001dd96de8000 JavaThread "jar transforms Thread 1193" [_thread_blocked, id=10480, stack(0x0000006790600000,0x0000006790700000)]
  0x000001dd96de7000 JavaThread "jar transforms Thread 1194" [_thread_blocked, id=8820, stack(0x0000006790700000,0x0000006790800000)]
  0x000001dd96de9000 JavaThread "jar transforms Thread 1195" [_thread_blocked, id=8736, stack(0x0000006790800000,0x0000006790900000)]
  0x000001dd96de5000 JavaThread "jar transforms Thread 1196" [_thread_blocked, id=1328, stack(0x0000006790900000,0x0000006790a00000)]
  0x000001dd96de9800 JavaThread "jar transforms Thread 1197" [_thread_blocked, id=9936, stack(0x0000006790a00000,0x0000006790b00000)]
  0x000001dd96de4000 JavaThread "jar transforms Thread 1198" [_thread_blocked, id=9528, stack(0x0000006790b00000,0x0000006790c00000)]
  0x000001dd96dea800 JavaThread "jar transforms Thread 1199" [_thread_blocked, id=764, stack(0x0000006790c00000,0x0000006790d00000)]
  0x000001dd96dec000 JavaThread "jar transforms Thread 1200" [_thread_blocked, id=3312, stack(0x0000006790d00000,0x0000006790e00000)]
  0x000001dd96deb800 JavaThread "jar transforms Thread 1201" [_thread_blocked, id=6984, stack(0x0000006790e00000,0x0000006790f00000)]
  0x000001dd96de6800 JavaThread "jar transforms Thread 1202" [_thread_blocked, id=11888, stack(0x0000006790f00000,0x0000006791000000)]
  0x000001dd96ded000 JavaThread "jar transforms Thread 1203" [_thread_blocked, id=11048, stack(0x0000006791000000,0x0000006791100000)]
  0x000001dd96dee000 JavaThread "jar transforms Thread 1204" [_thread_blocked, id=11916, stack(0x0000006791100000,0x0000006791200000)]
  0x000001dd96def800 JavaThread "jar transforms Thread 1205" [_thread_blocked, id=6928, stack(0x0000006791200000,0x0000006791300000)]
  0x000001dd96df0000 JavaThread "jar transforms Thread 1206" [_thread_blocked, id=12416, stack(0x0000006791300000,0x0000006791400000)]
  0x000001dd96df1000 JavaThread "jar transforms Thread 1207" [_thread_blocked, id=10308, stack(0x0000006791400000,0x0000006791500000)]
  0x000001dd96df2000 JavaThread "jar transforms Thread 1208" [_thread_blocked, id=9120, stack(0x0000006791500000,0x0000006791600000)]
  0x000001dd943b1800 JavaThread "jar transforms Thread 1209" [_thread_blocked, id=9248, stack(0x0000006791600000,0x0000006791700000)]
  0x000001dd943b2000 JavaThread "jar transforms Thread 1210" [_thread_blocked, id=9008, stack(0x0000006791700000,0x0000006791800000)]
  0x000001dd943b8000 JavaThread "jar transforms Thread 1211" [_thread_blocked, id=10972, stack(0x0000006791800000,0x0000006791900000)]
  0x000001dd943b8800 JavaThread "jar transforms Thread 1212" [_thread_blocked, id=6904, stack(0x0000006791900000,0x0000006791a00000)]
  0x000001dd943b9800 JavaThread "jar transforms Thread 1213" [_thread_blocked, id=5688, stack(0x0000006791a00000,0x0000006791b00000)]
  0x000001dd943b5800 JavaThread "jar transforms Thread 1214" [_thread_blocked, id=13084, stack(0x0000006791b00000,0x0000006791c00000)]
  0x000001dd943b7000 JavaThread "jar transforms Thread 1215" [_thread_blocked, id=12856, stack(0x0000006791c00000,0x0000006791d00000)]
  0x000001dd943b6000 JavaThread "jar transforms Thread 1216" [_thread_blocked, id=13000, stack(0x0000006791d00000,0x0000006791e00000)]
  0x000001dd943b4800 JavaThread "jar transforms Thread 1217" [_thread_blocked, id=11992, stack(0x0000006791e00000,0x0000006791f00000)]
  0x000001dd943b3800 JavaThread "jar transforms Thread 1218" [_thread_blocked, id=3080, stack(0x0000006791f00000,0x0000006792000000)]
  0x000001dd943bb000 JavaThread "jar transforms Thread 1219" [_thread_blocked, id=3216, stack(0x0000006792000000,0x0000006792100000)]
  0x000001dd943ba800 JavaThread "jar transforms Thread 1220" [_thread_blocked, id=3816, stack(0x0000006792100000,0x0000006792200000)]
  0x000001dd943bd800 JavaThread "jar transforms Thread 1221" [_thread_blocked, id=12540, stack(0x0000006792200000,0x0000006792300000)]
  0x000001dd943bc000 JavaThread "jar transforms Thread 1222" [_thread_blocked, id=10960, stack(0x0000006792300000,0x0000006792400000)]
  0x000001dd943be800 JavaThread "jar transforms Thread 1223" [_thread_blocked, id=12464, stack(0x0000006792400000,0x0000006792500000)]
  0x000001dd943bf000 JavaThread "jar transforms Thread 1224" [_thread_blocked, id=8880, stack(0x0000006792500000,0x0000006792600000)]
  0x000001dd943c0000 JavaThread "jar transforms Thread 1225" [_thread_blocked, id=2552, stack(0x0000006792600000,0x0000006792700000)]
  0x000001dd943bc800 JavaThread "jar transforms Thread 1226" [_thread_blocked, id=11344, stack(0x0000006792700000,0x0000006792800000)]
  0x000001dd92039800 JavaThread "jar transforms Thread 1227" [_thread_blocked, id=4572, stack(0x0000006792800000,0x0000006792900000)]
  0x000001dd9203d000 JavaThread "jar transforms Thread 1228" [_thread_blocked, id=4732, stack(0x0000006792900000,0x0000006792a00000)]
  0x000001dd9203a800 JavaThread "jar transforms Thread 1229" [_thread_blocked, id=2924, stack(0x0000006792a00000,0x0000006792b00000)]
  0x000001dd92040000 JavaThread "jar transforms Thread 1230" [_thread_blocked, id=11284, stack(0x0000006792b00000,0x0000006792c00000)]
  0x000001dd92041000 JavaThread "jar transforms Thread 1231" [_thread_blocked, id=12956, stack(0x0000006792c00000,0x0000006792d00000)]
  0x000001dd9203b800 JavaThread "jar transforms Thread 1232" [_thread_blocked, id=3772, stack(0x0000006792d00000,0x0000006792e00000)]
  0x000001dd9203e000 JavaThread "jar transforms Thread 1233" [_thread_blocked, id=9672, stack(0x0000006792e00000,0x0000006792f00000)]
  0x000001dd92042000 JavaThread "jar transforms Thread 1234" [_thread_blocked, id=3184, stack(0x0000006792f00000,0x0000006793000000)]
  0x000001dd9203c000 JavaThread "jar transforms Thread 1235" [_thread_blocked, id=4740, stack(0x0000006793000000,0x0000006793100000)]
  0x000001dd92045000 JavaThread "jar transforms Thread 1236" [_thread_blocked, id=11624, stack(0x0000006793100000,0x0000006793200000)]
  0x000001dd92044800 JavaThread "jar transforms Thread 1237" [_thread_blocked, id=9300, stack(0x0000006793200000,0x0000006793300000)]
  0x000001dd92046000 JavaThread "jar transforms Thread 1238" [_thread_blocked, id=1976, stack(0x0000006793300000,0x0000006793400000)]
  0x000001dd92046800 JavaThread "jar transforms Thread 1239" [_thread_blocked, id=6876, stack(0x0000006793400000,0x0000006793500000)]
  0x000001dd92047800 JavaThread "jar transforms Thread 1240" [_thread_blocked, id=3252, stack(0x0000006793500000,0x0000006793600000)]
  0x000001dd92048800 JavaThread "jar transforms Thread 1241" [_thread_blocked, id=12752, stack(0x0000006793600000,0x0000006793700000)]
  0x000001dd92042800 JavaThread "jar transforms Thread 1242" [_thread_blocked, id=4920, stack(0x0000006793700000,0x0000006793800000)]
  0x000001dd92043800 JavaThread "jar transforms Thread 1243" [_thread_blocked, id=10228, stack(0x0000006793800000,0x0000006793900000)]
  0x000001dd8ffef000 JavaThread "jar transforms Thread 1244" [_thread_blocked, id=11224, stack(0x0000006793900000,0x0000006793a00000)]
  0x000001dd8fff3000 JavaThread "jar transforms Thread 1245" [_thread_blocked, id=3260, stack(0x0000006793a00000,0x0000006793b00000)]
  0x000001dd8fff4000 JavaThread "jar transforms Thread 1246" [_thread_blocked, id=1140, stack(0x0000006793b00000,0x0000006793c00000)]
  0x000001dd8fff0000 JavaThread "jar transforms Thread 1247" [_thread_blocked, id=8940, stack(0x0000006793c00000,0x0000006793d00000)]
  0x000001dd8fff0800 JavaThread "jar transforms Thread 1248" [_thread_blocked, id=10196, stack(0x0000006793d00000,0x0000006793e00000)]
  0x000001dd8fff5000 JavaThread "jar transforms Thread 1249" [_thread_blocked, id=3844, stack(0x0000006793e00000,0x0000006793f00000)]
  0x000001dd8fff5800 JavaThread "jar transforms Thread 1250" [_thread_blocked, id=8392, stack(0x0000006793f00000,0x0000006794000000)]
  0x000001dd8fff6800 JavaThread "jar transforms Thread 1251" [_thread_blocked, id=5312, stack(0x0000006794000000,0x0000006794100000)]
  0x000001dd8fff1800 JavaThread "jar transforms Thread 1252" [_thread_blocked, id=9964, stack(0x0000006794100000,0x0000006794200000)]
  0x000001dd8fffc000 JavaThread "jar transforms Thread 1253" [_thread_blocked, id=8500, stack(0x0000006794200000,0x0000006794300000)]
  0x000001dd8fffb800 JavaThread "jar transforms Thread 1254" [_thread_blocked, id=12620, stack(0x0000006794300000,0x0000006794400000)]
  0x000001dd8fff9000 JavaThread "jar transforms Thread 1255" [_thread_blocked, id=6392, stack(0x0000006794400000,0x0000006794500000)]
  0x000001dd8fff9800 JavaThread "jar transforms Thread 1256" [_thread_blocked, id=1400, stack(0x0000006794500000,0x0000006794600000)]
  0x000001dd8fffa800 JavaThread "jar transforms Thread 1257" [_thread_blocked, id=2728, stack(0x0000006794600000,0x0000006794700000)]
  0x000001dd8fffd000 JavaThread "jar transforms Thread 1258" [_thread_blocked, id=1540, stack(0x0000006794700000,0x0000006794800000)]
  0x000001dd8fff7000 JavaThread "jar transforms Thread 1259" [_thread_blocked, id=9468, stack(0x0000006794800000,0x0000006794900000)]
  0x000001dd8fff8000 JavaThread "jar transforms Thread 1260" [_thread_blocked, id=12784, stack(0x0000006794900000,0x0000006794a00000)]
  0x000001dd96ecb800 JavaThread "jar transforms Thread 1261" [_thread_blocked, id=8588, stack(0x0000006794a00000,0x0000006794b00000)]
  0x000001dd96ed0000 JavaThread "jar transforms Thread 1262" [_thread_blocked, id=3876, stack(0x0000006794b00000,0x0000006794c00000)]
  0x000001dd96ece800 JavaThread "jar transforms Thread 1263" [_thread_blocked, id=9536, stack(0x0000006794c00000,0x0000006794d00000)]
  0x000001dd96ecd000 JavaThread "jar transforms Thread 1264" [_thread_blocked, id=10976, stack(0x0000006794d00000,0x0000006794e00000)]
  0x000001dd96ecf800 JavaThread "jar transforms Thread 1265" [_thread_blocked, id=12392, stack(0x0000006794e00000,0x0000006794f00000)]
  0x000001dd96eca800 JavaThread "jar transforms Thread 1266" [_thread_blocked, id=6332, stack(0x0000006794f00000,0x0000006795000000)]
  0x000001dd96ed1000 JavaThread "jar transforms Thread 1267" [_thread_blocked, id=11972, stack(0x0000006795000000,0x0000006795100000)]
  0x000001dd96ecc000 JavaThread "jar transforms Thread 1268" [_thread_blocked, id=3012, stack(0x0000006795100000,0x0000006795200000)]
  0x000001dd96ed2000 JavaThread "jar transforms Thread 1269" [_thread_blocked, id=4500, stack(0x0000006795200000,0x0000006795300000)]
  0x000001dd96ed3800 JavaThread "jar transforms Thread 1270" [_thread_blocked, id=1068, stack(0x0000006795300000,0x0000006795400000)]
  0x000001dd96ed8800 JavaThread "jar transforms Thread 1271" [_thread_blocked, id=10580, stack(0x0000006795400000,0x0000006795500000)]
  0x000001dd96ed9000 JavaThread "jar transforms Thread 1272" [_thread_blocked, id=5696, stack(0x0000006795500000,0x0000006795600000)]
  0x000001dd96ed4800 JavaThread "jar transforms Thread 1273" [_thread_blocked, id=10704, stack(0x0000006795600000,0x0000006795700000)]
  0x000001dd96ed5000 JavaThread "jar transforms Thread 1274" [_thread_blocked, id=3560, stack(0x0000006795700000,0x0000006795800000)]
  0x000001dd96ed6800 JavaThread "jar transforms Thread 1275" [_thread_blocked, id=3780, stack(0x0000006795800000,0x0000006795900000)]
  0x000001dd96ed7800 JavaThread "jar transforms Thread 1276" [_thread_blocked, id=8420, stack(0x0000006795900000,0x0000006795a00000)]
  0x000001dd96ed6000 JavaThread "jar transforms Thread 1277" [_thread_blocked, id=12268, stack(0x0000006795a00000,0x0000006795b00000)]
  0x000001ddff1c1800 JavaThread "jar transforms Thread 1278" [_thread_blocked, id=7072, stack(0x0000006795b00000,0x0000006795c00000)]
  0x000001ddff1c3000 JavaThread "jar transforms Thread 1279" [_thread_blocked, id=7996, stack(0x0000006795c00000,0x0000006795d00000)]
  0x000001ddff1c4000 JavaThread "jar transforms Thread 1280" [_thread_blocked, id=8840, stack(0x0000006795d00000,0x0000006795e00000)]
  0x000001ddff1c4800 JavaThread "jar transforms Thread 1281" [_thread_blocked, id=10100, stack(0x0000006795e00000,0x0000006795f00000)]
  0x000001ddff1c0800 JavaThread "jar transforms Thread 1282" [_thread_blocked, id=940, stack(0x0000006795f00000,0x0000006796000000)]
  0x000001ddff1bf000 JavaThread "jar transforms Thread 1283" [_thread_blocked, id=3296, stack(0x0000006796000000,0x0000006796100000)]
  0x000001ddff1c5800 JavaThread "jar transforms Thread 1284" [_thread_blocked, id=5720, stack(0x0000006796100000,0x0000006796200000)]
  0x000001ddff1c2800 JavaThread "jar transforms Thread 1285" [_thread_blocked, id=13296, stack(0x0000006796200000,0x0000006796300000)]
  0x000001ddff1ca800 JavaThread "build event listener" [_thread_blocked, id=7724, stack(0x0000006796300000,0x0000006796400000)]
  0x000001ddff1cb000 JavaThread "build event listener" [_thread_blocked, id=2332, stack(0x0000006796400000,0x0000006796500000)]
  0x000001ddff1cc000 JavaThread "Execution worker for ':'" [_thread_blocked, id=8200, stack(0x0000006796500000,0x0000006796600000)]
  0x000001ddff1c6800 JavaThread "Execution worker for ':' Thread 2" [_thread_blocked, id=11768, stack(0x0000006796600000,0x0000006796700000)]
  0x000001ddff1c7000 JavaThread "Execution worker for ':' Thread 3" [_thread_blocked, id=8660, stack(0x0000006796700000,0x0000006796800000)]
  0x000001ddff1c9800 JavaThread "Cache worker for execution history cache (E:\ImnuriTineretCahul\.gradle\6.7.1\executionHistory)" [_thread_blocked, id=13252, stack(0x0000006796800000,0x0000006796900000)]
  0x000001ddff1cd800 JavaThread "WorkerExecutor Queue" [_thread_blocked, id=12672, stack(0x0000006796900000,0x0000006796a00000)]
  0x000001ddfe62e000 JavaThread "WorkerExecutor Queue Thread 2" [_thread_blocked, id=12060, stack(0x0000006796b00000,0x0000006796c00000)]
  0x000001ddfe62f800 JavaThread "WorkerExecutor Queue Thread 3" [_thread_blocked, id=7444, stack(0x0000006796c00000,0x0000006796d00000)]
  0x000001ddfe632000 JavaThread "WorkerExecutor Queue Thread 4" [_thread_blocked, id=9148, stack(0x0000006796d00000,0x0000006796e00000)]
  0x000001ddfe62d000 JavaThread "pool-62-thread-1" [_thread_blocked, id=2604, stack(0x0000006796e00000,0x0000006796f00000)]
  0x000001ddfe633800 JavaThread "stderr" [_thread_in_native, id=9792, stack(0x0000006796f00000,0x0000006797000000)]
  0x000001dd92beb800 JavaThread "stdout" [_thread_in_native, id=7196, stack(0x0000006797000000,0x0000006797100000)]
  0x000001dd92beb000 JavaThread "Cache worker for Java compile cache (E:\ImnuriTineretCahul\.gradle\6.7.1\javaCompile)" [_thread_blocked, id=9592, stack(0x0000006797200000,0x0000006797300000)]

Other Threads:
=>0x000001ddfc0da000 VMThread "VM Thread" [stack: 0x000000678df00000,0x000000678e000000] [id=8568]
  0x000001ddfcbe4000 WatcherThread [stack: 0x000000678e900000,0x000000678ea00000] [id=6304]
  0x000001ddf1692000 GCTaskThread "GC Thread#0" [stack: 0x000000678da00000,0x000000678db00000] [id=6512]
  0x000001ddfd328800 GCTaskThread "GC Thread#1" [stack: 0x000000678ea00000,0x000000678eb00000] [id=8644]
  0x000001ddfe6a3000 GCTaskThread "GC Thread#2" [stack: 0x000000678f200000,0x000000678f300000] [id=9928]
  0x000001ddfde7f000 GCTaskThread "GC Thread#3" [stack: 0x000000678f300000,0x000000678f400000] [id=12640]
  0x000001ddf16c3000 ConcurrentGCThread "G1 Main Marker" [stack: 0x000000678db00000,0x000000678dc00000] [id=9776]
  0x000001ddf16c6000 ConcurrentGCThread "G1 Conc#0" [stack: 0x000000678dc00000,0x000000678dd00000] [id=2140]
  0x000001ddf1757000 ConcurrentGCThread "G1 Refine#0" [stack: 0x000000678dd00000,0x000000678de00000] [id=10032]
  0x000001ddf1758000 ConcurrentGCThread "G1 Young RemSet Sampling" [stack: 0x000000678de00000,0x000000678df00000] [id=11532]

Threads with active compile tasks:
C2 CompilerThread05761898 28187       4       com.android.tools.r8.graph.p::a (126 bytes)

VM state:at safepoint (normal execution)

VM Mutex/Monitor currently owned by a thread:  ([mutex/lock_event])
[0x000001ddf167ba30] Threads_lock - owner thread: 0x000001ddfc0da000
[0x000001ddf167bb50] Heap_lock - owner thread: 0x000001ddfe632000

Heap address: 0x0000000080000000, size: 2048 MB, Compressed Oops mode: 32-bit
Narrow klass base: 0x0000000000000000, Narrow klass shift: 3
Compressed class space size: 1073741824 Address: 0x0000000100000000

Heap:
 garbage-first heap   total 299008K, used 140599K [0x0000000080000000, 0x0000000100000000)
  region size 1024K, 2 young (2048K), 2 survivors (2048K)
 Metaspace       used 148902K, capacity 153175K, committed 153420K, reserved 1183744K
  class space    used 18555K, capacity 20066K, committed 20096K, reserved 1048576K
Heap Regions: E=young(eden), S=young(survivor), O=old, HS=humongous(starts), HC=humongous(continues), CS=collection set, F=free, A=archive, TAMS=top-at-mark-start (previous, next)
|   0|0x0000000080000000, 0x0000000080100000, 0x0000000080100000|100%| O|  |TAMS 0x0000000080100000, 0x0000000080000000| Complete 
|   1|0x0000000080100000, 0x0000000080200000, 0x0000000080200000|100%| O|  |TAMS 0x0000000080200000, 0x0000000080100000| Untracked 
|   2|0x0000000080200000, 0x0000000080300000, 0x0000000080300000|100%| O|  |TAMS 0x0000000080300000, 0x0000000080200000| Untracked 
|   3|0x0000000080300000, 0x0000000080400000, 0x0000000080400000|100%|HS|  |TAMS 0x0000000080400000, 0x0000000080300000| Complete 
|   4|0x0000000080400000, 0x0000000080500000, 0x0000000080500000|100%|HC|  |TAMS 0x0000000080500000, 0x0000000080400000| Complete 
|   5|0x0000000080500000, 0x0000000080600000, 0x0000000080600000|100%|HC|  |TAMS 0x0000000080600000, 0x0000000080500000| Complete 
|   6|0x0000000080600000, 0x0000000080700000, 0x0000000080700000|100%| O|  |TAMS 0x0000000080700000, 0x0000000080600000| Untracked 
|   7|0x0000000080700000, 0x0000000080800000, 0x0000000080800000|100%| O|  |TAMS 0x0000000080800000, 0x0000000080700000| Untracked 
|   8|0x0000000080800000, 0x0000000080900000, 0x0000000080900000|100%| O|  |TAMS 0x0000000080900000, 0x0000000080800000| Complete 
|   9|0x0000000080900000, 0x0000000080a00000, 0x0000000080a00000|100%| O|  |TAMS 0x0000000080a00000, 0x0000000080900000| Untracked 
|  10|0x0000000080a00000, 0x0000000080b00000, 0x0000000080b00000|100%| O|  |TAMS 0x0000000080b00000, 0x0000000080a00000| Untracked 
|  11|0x0000000080b00000, 0x0000000080c00000, 0x0000000080c00000|100%| O|  |TAMS 0x0000000080c00000, 0x0000000080b00000| Untracked 
|  12|0x0000000080c00000, 0x0000000080d00000, 0x0000000080d00000|100%| O|  |TAMS 0x0000000080d00000, 0x0000000080c00000| Complete 
|  13|0x0000000080d00000, 0x0000000080e00000, 0x0000000080e00000|100%| O|  |TAMS 0x0000000080e00000, 0x0000000080d00000| Untracked 
|  14|0x0000000080e00000, 0x0000000080f00000, 0x0000000080f00000|100%| O|  |TAMS 0x0000000080f00000, 0x0000000080e00000| Complete 
|  15|0x0000000080f00000, 0x0000000081000000, 0x0000000081000000|100%| O|  |TAMS 0x0000000081000000, 0x0000000080f00000| Complete 
|  16|0x0000000081000000, 0x0000000081100000, 0x0000000081100000|100%| O|  |TAMS 0x0000000081100000, 0x0000000081000000| Complete 
|  17|0x0000000081100000, 0x0000000081200000, 0x0000000081200000|100%| O|  |TAMS 0x0000000081200000, 0x0000000081100000| Untracked 
|  18|0x0000000081200000, 0x0000000081300000, 0x0000000081300000|100%| O|  |TAMS 0x0000000081300000, 0x0000000081200000| Complete 
|  19|0x0000000081300000, 0x0000000081400000, 0x0000000081400000|100%| O|  |TAMS 0x0000000081400000, 0x0000000081300000| Untracked 
|  20|0x0000000081400000, 0x0000000081500000, 0x0000000081500000|100%| O|  |TAMS 0x0000000081500000, 0x0000000081400000| Complete 
|  21|0x0000000081500000, 0x0000000081600000, 0x0000000081600000|100%| O|  |TAMS 0x0000000081600000, 0x0000000081500000| Complete 
|  22|0x0000000081600000, 0x0000000081700000, 0x0000000081700000|100%| O|  |TAMS 0x0000000081700000, 0x0000000081600000| Complete 
|  23|0x0000000081700000, 0x0000000081800000, 0x0000000081800000|100%|HS|  |TAMS 0x0000000081800000, 0x0000000081700000| Complete 
|  24|0x0000000081800000, 0x0000000081900000, 0x0000000081900000|100%|HS|  |TAMS 0x0000000081900000, 0x0000000081800000| Complete 
|  25|0x0000000081900000, 0x0000000081a00000, 0x0000000081a00000|100%|HC|  |TAMS 0x0000000081a00000, 0x0000000081900000| Complete 
|  26|0x0000000081a00000, 0x0000000081b00000, 0x0000000081b00000|100%| O|  |TAMS 0x0000000081b00000, 0x0000000081a00000| Untracked 
|  27|0x0000000081b00000, 0x0000000081c00000, 0x0000000081c00000|100%| O|  |TAMS 0x0000000081c00000, 0x0000000081b00000| Complete 
|  28|0x0000000081c00000, 0x0000000081d00000, 0x0000000081d00000|100%| O|  |TAMS 0x0000000081d00000, 0x0000000081c00000| Complete 
|  29|0x0000000081d00000, 0x0000000081e00000, 0x0000000081e00000|100%| O|  |TAMS 0x0000000081e00000, 0x0000000081d00000| Complete 
|  30|0x0000000081e00000, 0x0000000081f00000, 0x0000000081f00000|100%| O|  |TAMS 0x0000000081f00000, 0x0000000081e00000| Untracked 
|  31|0x0000000081f00000, 0x0000000082000000, 0x0000000082000000|100%| O|  |TAMS 0x0000000082000000, 0x0000000081f00000| Untracked 
|  32|0x0000000082000000, 0x0000000082100000, 0x0000000082100000|100%| O|  |TAMS 0x0000000082100000, 0x0000000082000000| Complete 
|  33|0x0000000082100000, 0x0000000082200000, 0x0000000082200000|100%| O|  |TAMS 0x0000000082200000, 0x0000000082100000| Untracked 
|  34|0x0000000082200000, 0x0000000082300000, 0x0000000082300000|100%| O|  |TAMS 0x0000000082300000, 0x0000000082200000| Untracked 
|  35|0x0000000082300000, 0x0000000082400000, 0x0000000082400000|100%| O|  |TAMS 0x0000000082400000, 0x0000000082300000| Untracked 
|  36|0x0000000082400000, 0x0000000082500000, 0x0000000082500000|100%| O|  |TAMS 0x0000000082500000, 0x0000000082400000| Complete 
|  37|0x0000000082500000, 0x0000000082600000, 0x0000000082600000|100%| O|  |TAMS 0x0000000082600000, 0x0000000082500000| Untracked 
|  38|0x0000000082600000, 0x0000000082700000, 0x0000000082700000|100%| O|  |TAMS 0x0000000082700000, 0x0000000082600000| Complete 
|  39|0x0000000082700000, 0x0000000082800000, 0x0000000082800000|100%| O|  |TAMS 0x0000000082800000, 0x0000000082700000| Untracked 
|  40|0x0000000082800000, 0x0000000082900000, 0x0000000082900000|100%| O|  |TAMS 0x0000000082900000, 0x0000000082800000| Complete 
|  41|0x0000000082900000, 0x0000000082a00000, 0x0000000082a00000|100%| O|  |TAMS 0x0000000082a00000, 0x0000000082900000| Untracked 
|  42|0x0000000082a00000, 0x0000000082b00000, 0x0000000082b00000|100%| O|  |TAMS 0x0000000082b00000, 0x0000000082a00000| Untracked 
|  43|0x0000000082b00000, 0x0000000082c00000, 0x0000000082c00000|100%| O|  |TAMS 0x0000000082c00000, 0x0000000082b00000| Untracked 
|  44|0x0000000082c00000, 0x0000000082d00000, 0x0000000082d00000|100%| O|  |TAMS 0x0000000082d00000, 0x0000000082c00000| Complete 
|  45|0x0000000082d00000, 0x0000000082e00000, 0x0000000082e00000|100%| O|  |TAMS 0x0000000082e00000, 0x0000000082d00000| Complete 
|  46|0x0000000082e00000, 0x0000000082f00000, 0x0000000082f00000|100%| O|  |TAMS 0x0000000082f00000, 0x0000000082e00000| Untracked 
|  47|0x0000000082f00000, 0x0000000083000000, 0x0000000083000000|100%| O|  |TAMS 0x0000000083000000, 0x0000000082f00000| Complete 
|  48|0x0000000083000000, 0x0000000083100000, 0x0000000083100000|100%| O|  |TAMS 0x0000000083100000, 0x0000000083000000| Untracked 
|  49|0x0000000083100000, 0x0000000083200000, 0x0000000083200000|100%| O|  |TAMS 0x0000000083200000, 0x0000000083100000| Complete 
|  50|0x0000000083200000, 0x0000000083300000, 0x0000000083300000|100%| O|  |TAMS 0x0000000083300000, 0x0000000083200000| Complete 
|  51|0x0000000083300000, 0x0000000083400000, 0x0000000083400000|100%| O|  |TAMS 0x0000000083400000, 0x0000000083300000| Complete 
|  52|0x0000000083400000, 0x0000000083500000, 0x0000000083500000|100%| O|  |TAMS 0x0000000083500000, 0x0000000083400000| Complete 
|  53|0x0000000083500000, 0x0000000083600000, 0x0000000083600000|100%| O|  |TAMS 0x0000000083600000, 0x0000000083500000| Complete 
|  54|0x0000000083600000, 0x0000000083700000, 0x0000000083700000|100%| O|  |TAMS 0x0000000083700000, 0x0000000083600000| Complete 
|  55|0x0000000083700000, 0x0000000083800000, 0x0000000083800000|100%| O|  |TAMS 0x0000000083800000, 0x0000000083700000| Untracked 
|  56|0x0000000083800000, 0x0000000083900000, 0x0000000083900000|100%| O|  |TAMS 0x0000000083900000, 0x0000000083800000| Untracked 
|  57|0x0000000083900000, 0x0000000083a00000, 0x0000000083a00000|100%| O|  |TAMS 0x0000000083a00000, 0x0000000083900000| Untracked 
|  58|0x0000000083a00000, 0x0000000083b00000, 0x0000000083b00000|100%| O|  |TAMS 0x0000000083b00000, 0x0000000083a00000| Untracked 
|  59|0x0000000083b00000, 0x0000000083c00000, 0x0000000083c00000|100%| O|  |TAMS 0x0000000083c00000, 0x0000000083b00000| Complete 
|  60|0x0000000083c00000, 0x0000000083d00000, 0x0000000083d00000|100%| O|  |TAMS 0x0000000083d00000, 0x0000000083c00000| Complete 
|  61|0x0000000083d00000, 0x0000000083e00000, 0x0000000083e00000|100%| O|  |TAMS 0x0000000083e00000, 0x0000000083d00000| Complete 
|  62|0x0000000083e00000, 0x0000000083e00000, 0x0000000083f00000|  0%| F|  |TAMS 0x0000000083e00000, 0x0000000083e00000| Untracked 
|  63|0x0000000083f00000, 0x0000000084000000, 0x0000000084000000|100%| O|  |TAMS 0x0000000084000000, 0x0000000083f00000| Untracked 
|  64|0x0000000084000000, 0x0000000084100000, 0x0000000084100000|100%| O|  |TAMS 0x0000000084100000, 0x0000000084000000| Untracked 
|  65|0x0000000084100000, 0x0000000084200000, 0x0000000084200000|100%| O|  |TAMS 0x0000000084200000, 0x0000000084100000| Untracked 
|  66|0x0000000084200000, 0x0000000084300000, 0x0000000084300000|100%| O|  |TAMS 0x0000000084300000, 0x0000000084200000| Untracked 
|  67|0x0000000084300000, 0x0000000084400000, 0x0000000084400000|100%| O|  |TAMS 0x0000000084400000, 0x0000000084300000| Untracked 
|  68|0x0000000084400000, 0x0000000084500000, 0x0000000084500000|100%| O|  |TAMS 0x0000000084500000, 0x0000000084400000| Complete 
|  69|0x0000000084500000, 0x0000000084600000, 0x0000000084600000|100%| O|  |TAMS 0x0000000084600000, 0x0000000084500000| Untracked 
|  70|0x0000000084600000, 0x0000000084700000, 0x0000000084700000|100%| O|  |TAMS 0x0000000084700000, 0x0000000084600000| Untracked 
|  71|0x0000000084700000, 0x0000000084800000, 0x0000000084800000|100%| O|  |TAMS 0x0000000084800000, 0x0000000084700000| Untracked 
|  72|0x0000000084800000, 0x0000000084900000, 0x0000000084900000|100%| O|  |TAMS 0x0000000084900000, 0x0000000084800000| Complete 
|  73|0x0000000084900000, 0x0000000084a00000, 0x0000000084a00000|100%| O|  |TAMS 0x0000000084a00000, 0x0000000084900000| Untracked 
|  74|0x0000000084a00000, 0x0000000084b00000, 0x0000000084b00000|100%| O|  |TAMS 0x0000000084b00000, 0x0000000084a00000| Untracked 
|  75|0x0000000084b00000, 0x0000000084c00000, 0x0000000084c00000|100%| O|  |TAMS 0x0000000084c00000, 0x0000000084b00000| Untracked 
|  76|0x0000000084c00000, 0x0000000084d00000, 0x0000000084d00000|100%| O|  |TAMS 0x0000000084d00000, 0x0000000084c00000| Complete 
|  77|0x0000000084d00000, 0x0000000084e00000, 0x0000000084e00000|100%| O|  |TAMS 0x0000000084e00000, 0x0000000084d00000| Untracked 
|  78|0x0000000084e00000, 0x0000000084f00000, 0x0000000084f00000|100%| O|  |TAMS 0x0000000084f00000, 0x0000000084e00000| Complete 
|  79|0x0000000084f00000, 0x0000000085000000, 0x0000000085000000|100%| O|  |TAMS 0x0000000085000000, 0x0000000084f00000| Untracked 
|  80|0x0000000085000000, 0x0000000085100000, 0x0000000085100000|100%| O|  |TAMS 0x0000000085100000, 0x0000000085000000| Untracked 
|  81|0x0000000085100000, 0x0000000085200000, 0x0000000085200000|100%| O|  |TAMS 0x0000000085200000, 0x0000000085100000| Complete 
|  82|0x0000000085200000, 0x0000000085300000, 0x0000000085300000|100%| O|  |TAMS 0x0000000085300000, 0x0000000085200000| Untracked 
|  83|0x0000000085300000, 0x0000000085400000, 0x0000000085400000|100%| O|  |TAMS 0x0000000085400000, 0x0000000085300000| Untracked 
|  84|0x0000000085400000, 0x0000000085500000, 0x0000000085500000|100%| O|  |TAMS 0x0000000085500000, 0x0000000085400000| Untracked 
|  85|0x0000000085500000, 0x0000000085600000, 0x0000000085600000|100%| O|  |TAMS 0x0000000085600000, 0x0000000085500000| Untracked 
|  86|0x0000000085600000, 0x0000000085700000, 0x0000000085700000|100%| O|  |TAMS 0x0000000085700000, 0x0000000085600000| Untracked 
|  87|0x0000000085700000, 0x0000000085800000, 0x0000000085800000|100%| O|  |TAMS 0x0000000085800000, 0x0000000085700000| Untracked 
|  88|0x0000000085800000, 0x0000000085900000, 0x0000000085900000|100%| O|  |TAMS 0x0000000085900000, 0x0000000085800000| Complete 
|  89|0x0000000085900000, 0x0000000085a00000, 0x0000000085a00000|100%| O|  |TAMS 0x0000000085a00000, 0x0000000085900000| Untracked 
|  90|0x0000000085a00000, 0x0000000085b00000, 0x0000000085b00000|100%| O|  |TAMS 0x0000000085b00000, 0x0000000085a00000| Complete 
|  91|0x0000000085b00000, 0x0000000085c00000, 0x0000000085c00000|100%| O|  |TAMS 0x0000000085c00000, 0x0000000085b00000| Complete 
|  92|0x0000000085c00000, 0x0000000085d00000, 0x0000000085d00000|100%| O|  |TAMS 0x0000000085d00000, 0x0000000085c00000| Untracked 
|  93|0x0000000085d00000, 0x0000000085e00000, 0x0000000085e00000|100%| O|  |TAMS 0x0000000085e00000, 0x0000000085d00000| Untracked 
|  94|0x0000000085e00000, 0x0000000085f00000, 0x0000000085f00000|100%| O|  |TAMS 0x0000000085f00000, 0x0000000085e00000| Untracked 
|  95|0x0000000085f00000, 0x0000000086000000, 0x0000000086000000|100%| O|  |TAMS 0x0000000086000000, 0x0000000085f00000| Complete 
|  96|0x0000000086000000, 0x0000000086100000, 0x0000000086100000|100%| O|  |TAMS 0x0000000086100000, 0x0000000086000000| Complete 
|  97|0x0000000086100000, 0x0000000086200000, 0x0000000086200000|100%| O|  |TAMS 0x0000000086200000, 0x0000000086100000| Untracked 
|  98|0x0000000086200000, 0x0000000086300000, 0x0000000086300000|100%| O|  |TAMS 0x0000000086300000, 0x0000000086200000| Untracked 
|  99|0x0000000086300000, 0x0000000086300000, 0x0000000086400000|  0%| F|  |TAMS 0x0000000086300000, 0x0000000086300000| Untracked 
| 100|0x0000000086400000, 0x0000000086500000, 0x0000000086500000|100%| O|  |TAMS 0x0000000086500000, 0x0000000086400000| Untracked 
| 101|0x0000000086500000, 0x0000000086600000, 0x0000000086600000|100%| O|  |TAMS 0x0000000086600000, 0x0000000086500000| Complete 
| 102|0x0000000086600000, 0x0000000086700000, 0x0000000086700000|100%| O|  |TAMS 0x0000000086700000, 0x0000000086600000| Complete 
| 103|0x0000000086700000, 0x0000000086800000, 0x0000000086800000|100%|HS|  |TAMS 0x0000000086800000, 0x0000000086700000| Complete 
| 104|0x0000000086800000, 0x0000000086900000, 0x0000000086900000|100%|HC|  |TAMS 0x0000000086900000, 0x0000000086800000| Complete 
| 105|0x0000000086900000, 0x0000000086a00000, 0x0000000086a00000|100%| O|  |TAMS 0x0000000086a00000, 0x0000000086900000| Untracked 
| 106|0x0000000086a00000, 0x0000000086b00000, 0x0000000086b00000|100%| O|  |TAMS 0x0000000086b00000, 0x0000000086a00000| Untracked 
| 107|0x0000000086b00000, 0x0000000086c00000, 0x0000000086c00000|100%| O|  |TAMS 0x0000000086c00000, 0x0000000086b00000| Untracked 
| 108|0x0000000086c00000, 0x0000000086d00000, 0x0000000086d00000|100%| O|  |TAMS 0x0000000086d00000, 0x0000000086c00000| Untracked 
| 109|0x0000000086d00000, 0x0000000086e00000, 0x0000000086e00000|100%| O|  |TAMS 0x0000000086e00000, 0x0000000086d00000| Complete 
| 110|0x0000000086e00000, 0x0000000086f00000, 0x0000000086f00000|100%| O|  |TAMS 0x0000000086f00000, 0x0000000086e00000| Complete 
| 111|0x0000000086f00000, 0x0000000087000000, 0x0000000087000000|100%| O|  |TAMS 0x0000000087000000, 0x0000000086f00000| Complete 
| 112|0x0000000087000000, 0x0000000087100000, 0x0000000087100000|100%| O|  |TAMS 0x0000000087100000, 0x0000000087000000| Complete 
| 113|0x0000000087100000, 0x0000000087200000, 0x0000000087200000|100%| O|  |TAMS 0x0000000087100000, 0x0000000087100000| Untracked 
| 114|0x0000000087200000, 0x0000000087300000, 0x0000000087300000|100%| O|  |TAMS 0x0000000087300000, 0x0000000087200000| Complete 
| 115|0x0000000087300000, 0x0000000087400000, 0x0000000087400000|100%| O|  |TAMS 0x0000000087400000, 0x0000000087300000| Complete 
| 116|0x0000000087400000, 0x0000000087400000, 0x0000000087500000|  0%| F|  |TAMS 0x0000000087400000, 0x0000000087400000| Untracked 
| 117|0x0000000087500000, 0x0000000087600000, 0x0000000087600000|100%| O|  |TAMS 0x0000000087600000, 0x0000000087500000| Untracked 
| 118|0x0000000087600000, 0x0000000087700000, 0x0000000087700000|100%| O|  |TAMS 0x0000000087700000, 0x0000000087600000| Untracked 
| 119|0x0000000087700000, 0x0000000087800000, 0x0000000087800000|100%| O|  |TAMS 0x0000000087800000, 0x0000000087700000| Untracked 
| 120|0x0000000087800000, 0x0000000087800000, 0x0000000087900000|  0%| F|  |TAMS 0x0000000087800000, 0x0000000087800000| Untracked 
| 121|0x0000000087900000, 0x0000000087a00000, 0x0000000087a00000|100%| O|  |TAMS 0x0000000087a00000, 0x0000000087900000| Untracked 
| 122|0x0000000087a00000, 0x0000000087b00000, 0x0000000087b00000|100%| O|  |TAMS 0x0000000087b00000, 0x0000000087a00000| Complete 
| 123|0x0000000087b00000, 0x0000000087c00000, 0x0000000087c00000|100%| O|  |TAMS 0x0000000087c00000, 0x0000000087b00000| Untracked 
| 124|0x0000000087c00000, 0x0000000087d00000, 0x0000000087d00000|100%| O|  |TAMS 0x0000000087d00000, 0x0000000087c00000| Untracked 
| 125|0x0000000087d00000, 0x0000000087e00000, 0x0000000087e00000|100%| O|  |TAMS 0x0000000087e00000, 0x0000000087d00000| Complete 
| 126|0x0000000087e00000, 0x0000000087e00000, 0x0000000087f00000|  0%| F|  |TAMS 0x0000000087e00000, 0x0000000087e00000| Untracked 
| 127|0x0000000087f00000, 0x0000000087f00000, 0x0000000088000000|  0%| F|  |TAMS 0x0000000087f00000, 0x0000000087f00000| Untracked 
| 128|0x0000000088000000, 0x0000000088000000, 0x0000000088100000|  0%| F|  |TAMS 0x0000000088000000, 0x0000000088000000| Untracked 
| 129|0x0000000088100000, 0x0000000088100000, 0x0000000088200000|  0%| F|  |TAMS 0x0000000088100000, 0x0000000088100000| Untracked 
| 130|0x0000000088200000, 0x0000000088300000, 0x0000000088300000|100%| O|  |TAMS 0x00000000882e1e00, 0x0000000088200000| Untracked 
| 131|0x0000000088300000, 0x0000000088400000, 0x0000000088400000|100%| O|  |TAMS 0x0000000088300000, 0x0000000088300000| Untracked 
| 132|0x0000000088400000, 0x0000000088500000, 0x0000000088500000|100%| O|  |TAMS 0x0000000088400000, 0x0000000088400000| Untracked 
| 133|0x0000000088500000, 0x0000000088600000, 0x0000000088600000|100%| O|  |TAMS 0x0000000088500000, 0x0000000088500000| Untracked 
| 134|0x0000000088600000, 0x0000000088700000, 0x0000000088700000|100%| O|  |TAMS 0x0000000088600000, 0x0000000088600000| Untracked 
| 135|0x0000000088700000, 0x0000000088800000, 0x0000000088800000|100%| O|  |TAMS 0x0000000088700000, 0x0000000088700000| Untracked 
| 136|0x0000000088800000, 0x0000000088900000, 0x0000000088900000|100%| O|  |TAMS 0x0000000088800000, 0x0000000088800000| Untracked 
| 137|0x0000000088900000, 0x0000000088a00000, 0x0000000088a00000|100%| O|  |TAMS 0x0000000088900000, 0x0000000088900000| Untracked 
| 138|0x0000000088a00000, 0x0000000088b00000, 0x0000000088b00000|100%| O|  |TAMS 0x0000000088a00000, 0x0000000088a00000| Untracked 
| 139|0x0000000088b00000, 0x0000000088c00000, 0x0000000088c00000|100%| O|  |TAMS 0x0000000088b00000, 0x0000000088b00000| Untracked 
| 140|0x0000000088c00000, 0x0000000088d00000, 0x0000000088d00000|100%| O|  |TAMS 0x0000000088c00000, 0x0000000088c00000| Untracked 
| 141|0x0000000088d00000, 0x0000000088e00000, 0x0000000088e00000|100%| O|  |TAMS 0x0000000088d00000, 0x0000000088d00000| Untracked 
| 142|0x0000000088e00000, 0x0000000088f00000, 0x0000000088f00000|100%| O|  |TAMS 0x0000000088e00000, 0x0000000088e00000| Untracked 
| 143|0x0000000088f00000, 0x0000000088faac00, 0x0000000089000000| 66%| O|  |TAMS 0x0000000088f00000, 0x0000000088f00000| Untracked 
| 144|0x0000000089000000, 0x0000000089000000, 0x0000000089100000|  0%| F|  |TAMS 0x0000000089000000, 0x0000000089000000| Untracked 
| 145|0x0000000089100000, 0x0000000089100000, 0x0000000089200000|  0%| F|  |TAMS 0x0000000089100000, 0x0000000089100000| Untracked 
| 146|0x0000000089200000, 0x0000000089200000, 0x0000000089300000|  0%| F|  |TAMS 0x0000000089200000, 0x0000000089200000| Untracked 
| 147|0x0000000089300000, 0x0000000089300000, 0x0000000089400000|  0%| F|  |TAMS 0x0000000089300000, 0x0000000089300000| Untracked 
| 148|0x0000000089400000, 0x0000000089400000, 0x0000000089500000|  0%| F|  |TAMS 0x0000000089400000, 0x0000000089400000| Untracked 
| 149|0x0000000089500000, 0x0000000089500000, 0x0000000089600000|  0%| F|  |TAMS 0x0000000089500000, 0x0000000089500000| Untracked 
| 150|0x0000000089600000, 0x0000000089600000, 0x0000000089700000|  0%| F|  |TAMS 0x0000000089600000, 0x0000000089600000| Untracked 
| 151|0x0000000089700000, 0x0000000089700000, 0x0000000089800000|  0%| F|  |TAMS 0x0000000089700000, 0x0000000089700000| Untracked 
| 152|0x0000000089800000, 0x0000000089800000, 0x0000000089900000|  0%| F|  |TAMS 0x0000000089800000, 0x0000000089800000| Untracked 
| 153|0x0000000089900000, 0x0000000089900000, 0x0000000089a00000|  0%| F|  |TAMS 0x0000000089900000, 0x0000000089900000| Untracked 
| 154|0x0000000089a00000, 0x0000000089a00000, 0x0000000089b00000|  0%| F|  |TAMS 0x0000000089a00000, 0x0000000089a00000| Untracked 
| 155|0x0000000089b00000, 0x0000000089b00000, 0x0000000089c00000|  0%| F|  |TAMS 0x0000000089b00000, 0x0000000089b00000| Untracked 
| 156|0x0000000089c00000, 0x0000000089c00000, 0x0000000089d00000|  0%| F|  |TAMS 0x0000000089c00000, 0x0000000089c00000| Untracked 
| 157|0x0000000089d00000, 0x0000000089d00000, 0x0000000089e00000|  0%| F|  |TAMS 0x0000000089d00000, 0x0000000089d00000| Untracked 
| 158|0x0000000089e00000, 0x0000000089e00000, 0x0000000089f00000|  0%| F|  |TAMS 0x0000000089e00000, 0x0000000089e00000| Untracked 
| 159|0x0000000089f00000, 0x0000000089f00000, 0x000000008a000000|  0%| F|  |TAMS 0x0000000089f00000, 0x0000000089f00000| Untracked 
| 160|0x000000008a000000, 0x000000008a000000, 0x000000008a100000|  0%| F|  |TAMS 0x000000008a000000, 0x000000008a000000| Untracked 
| 161|0x000000008a100000, 0x000000008a100000, 0x000000008a200000|  0%| F|  |TAMS 0x000000008a100000, 0x000000008a100000| Untracked 
| 162|0x000000008a200000, 0x000000008a200000, 0x000000008a300000|  0%| F|  |TAMS 0x000000008a200000, 0x000000008a200000| Untracked 
| 163|0x000000008a300000, 0x000000008a300000, 0x000000008a400000|  0%| F|  |TAMS 0x000000008a300000, 0x000000008a300000| Untracked 
| 164|0x000000008a400000, 0x000000008a400000, 0x000000008a500000|  0%| F|  |TAMS 0x000000008a400000, 0x000000008a400000| Untracked 
| 165|0x000000008a500000, 0x000000008a500000, 0x000000008a600000|  0%| F|  |TAMS 0x000000008a500000, 0x000000008a500000| Untracked 
| 166|0x000000008a600000, 0x000000008a600000, 0x000000008a700000|  0%| F|  |TAMS 0x000000008a600000, 0x000000008a600000| Untracked 
| 167|0x000000008a700000, 0x000000008a700000, 0x000000008a800000|  0%| F|  |TAMS 0x000000008a700000, 0x000000008a700000| Untracked 
| 168|0x000000008a800000, 0x000000008a800000, 0x000000008a900000|  0%| F|  |TAMS 0x000000008a800000, 0x000000008a800000| Untracked 
| 169|0x000000008a900000, 0x000000008a900000, 0x000000008aa00000|  0%| F|  |TAMS 0x000000008a900000, 0x000000008a900000| Untracked 
| 170|0x000000008aa00000, 0x000000008aa00000, 0x000000008ab00000|  0%| F|  |TAMS 0x000000008aa00000, 0x000000008aa00000| Untracked 
| 171|0x000000008ab00000, 0x000000008ab00000, 0x000000008ac00000|  0%| F|  |TAMS 0x000000008ab00000, 0x000000008ab00000| Untracked 
| 172|0x000000008ac00000, 0x000000008ac00000, 0x000000008ad00000|  0%| F|  |TAMS 0x000000008ac00000, 0x000000008ac00000| Untracked 
| 173|0x000000008ad00000, 0x000000008ad00000, 0x000000008ae00000|  0%| F|  |TAMS 0x000000008ad00000, 0x000000008ad00000| Untracked 
| 174|0x000000008ae00000, 0x000000008ae00000, 0x000000008af00000|  0%| F|  |TAMS 0x000000008ae00000, 0x000000008ae00000| Untracked 
| 175|0x000000008af00000, 0x000000008af00000, 0x000000008b000000|  0%| F|  |TAMS 0x000000008af00000, 0x000000008af00000| Untracked 
| 176|0x000000008b000000, 0x000000008b000000, 0x000000008b100000|  0%| F|  |TAMS 0x000000008b000000, 0x000000008b000000| Untracked 
| 177|0x000000008b100000, 0x000000008b100000, 0x000000008b200000|  0%| F|  |TAMS 0x000000008b100000, 0x000000008b100000| Untracked 
| 178|0x000000008b200000, 0x000000008b200000, 0x000000008b300000|  0%| F|  |TAMS 0x000000008b200000, 0x000000008b200000| Untracked 
| 179|0x000000008b300000, 0x000000008b300000, 0x000000008b400000|  0%| F|  |TAMS 0x000000008b300000, 0x000000008b300000| Untracked 
| 180|0x000000008b400000, 0x000000008b400000, 0x000000008b500000|  0%| F|  |TAMS 0x000000008b400000, 0x000000008b400000| Untracked 
| 181|0x000000008b500000, 0x000000008b500000, 0x000000008b600000|  0%| F|  |TAMS 0x000000008b500000, 0x000000008b500000| Untracked 
| 182|0x000000008b600000, 0x000000008b600000, 0x000000008b700000|  0%| F|  |TAMS 0x000000008b600000, 0x000000008b600000| Untracked 
| 183|0x000000008b700000, 0x000000008b700000, 0x000000008b800000|  0%| F|  |TAMS 0x000000008b700000, 0x000000008b700000| Untracked 
| 184|0x000000008b800000, 0x000000008b800000, 0x000000008b900000|  0%| F|  |TAMS 0x000000008b800000, 0x000000008b800000| Untracked 
| 185|0x000000008b900000, 0x000000008b900000, 0x000000008ba00000|  0%| F|  |TAMS 0x000000008b900000, 0x000000008b900000| Untracked 
| 186|0x000000008ba00000, 0x000000008ba00000, 0x000000008bb00000|  0%| F|  |TAMS 0x000000008ba00000, 0x000000008ba00000| Untracked 
| 187|0x000000008bb00000, 0x000000008bb00000, 0x000000008bc00000|  0%| F|  |TAMS 0x000000008bb00000, 0x000000008bb00000| Untracked 
| 188|0x000000008bc00000, 0x000000008bc00000, 0x000000008bd00000|  0%| F|  |TAMS 0x000000008bc00000, 0x000000008bc00000| Untracked 
| 189|0x000000008bd00000, 0x000000008bd00000, 0x000000008be00000|  0%| F|  |TAMS 0x000000008bd00000, 0x000000008bd00000| Untracked 
| 190|0x000000008be00000, 0x000000008be00000, 0x000000008bf00000|  0%| F|  |TAMS 0x000000008be00000, 0x000000008be00000| Untracked 
| 191|0x000000008bf00000, 0x000000008bf00000, 0x000000008c000000|  0%| F|  |TAMS 0x000000008bf00000, 0x000000008bf00000| Untracked 
| 192|0x000000008c000000, 0x000000008c000000, 0x000000008c100000|  0%| F|  |TAMS 0x000000008c000000, 0x000000008c000000| Untracked 
| 193|0x000000008c100000, 0x000000008c100000, 0x000000008c200000|  0%| F|  |TAMS 0x000000008c100000, 0x000000008c100000| Untracked 
| 194|0x000000008c200000, 0x000000008c200000, 0x000000008c300000|  0%| F|  |TAMS 0x000000008c200000, 0x000000008c200000| Untracked 
| 195|0x000000008c300000, 0x000000008c300000, 0x000000008c400000|  0%| F|  |TAMS 0x000000008c300000, 0x000000008c300000| Untracked 
| 196|0x000000008c400000, 0x000000008c400000, 0x000000008c500000|  0%| F|  |TAMS 0x000000008c400000, 0x000000008c400000| Untracked 
| 197|0x000000008c500000, 0x000000008c500000, 0x000000008c600000|  0%| F|  |TAMS 0x000000008c500000, 0x000000008c500000| Untracked 
| 198|0x000000008c600000, 0x000000008c600000, 0x000000008c700000|  0%| F|  |TAMS 0x000000008c600000, 0x000000008c600000| Untracked 
| 199|0x000000008c700000, 0x000000008c700000, 0x000000008c800000|  0%| F|  |TAMS 0x000000008c700000, 0x000000008c700000| Untracked 
| 200|0x000000008c800000, 0x000000008c800000, 0x000000008c900000|  0%| F|  |TAMS 0x000000008c800000, 0x000000008c800000| Untracked 
| 201|0x000000008c900000, 0x000000008c900000, 0x000000008ca00000|  0%| F|  |TAMS 0x000000008c900000, 0x000000008c900000| Untracked 
| 202|0x000000008ca00000, 0x000000008ca00000, 0x000000008cb00000|  0%| F|  |TAMS 0x000000008ca00000, 0x000000008ca00000| Untracked 
| 203|0x000000008cb00000, 0x000000008cb00000, 0x000000008cc00000|  0%| F|  |TAMS 0x000000008cb00000, 0x000000008cb00000| Untracked 
| 204|0x000000008cc00000, 0x000000008cc00000, 0x000000008cd00000|  0%| F|  |TAMS 0x000000008cc00000, 0x000000008cc00000| Untracked 
| 205|0x000000008cd00000, 0x000000008cd00000, 0x000000008ce00000|  0%| F|  |TAMS 0x000000008cd00000, 0x000000008cd00000| Untracked 
| 206|0x000000008ce00000, 0x000000008ce00000, 0x000000008cf00000|  0%| F|  |TAMS 0x000000008ce00000, 0x000000008ce00000| Untracked 
| 207|0x000000008cf00000, 0x000000008cf00000, 0x000000008d000000|  0%| F|  |TAMS 0x000000008cf00000, 0x000000008cf00000| Untracked 
| 208|0x000000008d000000, 0x000000008d000000, 0x000000008d100000|  0%| F|  |TAMS 0x000000008d000000, 0x000000008d000000| Untracked 
| 209|0x000000008d100000, 0x000000008d100000, 0x000000008d200000|  0%| F|  |TAMS 0x000000008d100000, 0x000000008d100000| Untracked 
| 210|0x000000008d200000, 0x000000008d200000, 0x000000008d300000|  0%| F|  |TAMS 0x000000008d200000, 0x000000008d200000| Untracked 
| 211|0x000000008d300000, 0x000000008d300000, 0x000000008d400000|  0%| F|  |TAMS 0x000000008d300000, 0x000000008d300000| Untracked 
| 212|0x000000008d400000, 0x000000008d400000, 0x000000008d500000|  0%| F|  |TAMS 0x000000008d400000, 0x000000008d400000| Untracked 
| 213|0x000000008d500000, 0x000000008d500000, 0x000000008d600000|  0%| F|  |TAMS 0x000000008d500000, 0x000000008d500000| Untracked 
| 214|0x000000008d600000, 0x000000008d600000, 0x000000008d700000|  0%| F|  |TAMS 0x000000008d600000, 0x000000008d600000| Untracked 
| 215|0x000000008d700000, 0x000000008d700000, 0x000000008d800000|  0%| F|  |TAMS 0x000000008d700000, 0x000000008d700000| Untracked 
| 216|0x000000008d800000, 0x000000008d800000, 0x000000008d900000|  0%| F|  |TAMS 0x000000008d800000, 0x000000008d800000| Untracked 
| 217|0x000000008d900000, 0x000000008d900000, 0x000000008da00000|  0%| F|  |TAMS 0x000000008d900000, 0x000000008d900000| Untracked 
| 218|0x000000008da00000, 0x000000008da00000, 0x000000008db00000|  0%| F|  |TAMS 0x000000008da00000, 0x000000008da00000| Untracked 
| 219|0x000000008db00000, 0x000000008db00000, 0x000000008dc00000|  0%| F|  |TAMS 0x000000008db00000, 0x000000008db00000| Untracked 
| 220|0x000000008dc00000, 0x000000008dc00000, 0x000000008dd00000|  0%| F|  |TAMS 0x000000008dc00000, 0x000000008dc00000| Untracked 
| 221|0x000000008dd00000, 0x000000008dd00000, 0x000000008de00000|  0%| F|  |TAMS 0x000000008dd00000, 0x000000008dd00000| Untracked 
| 222|0x000000008de00000, 0x000000008de00000, 0x000000008df00000|  0%| F|  |TAMS 0x000000008de00000, 0x000000008de00000| Untracked 
| 223|0x000000008df00000, 0x000000008df00000, 0x000000008e000000|  0%| F|  |TAMS 0x000000008df00000, 0x000000008df00000| Untracked 
| 224|0x000000008e000000, 0x000000008e000000, 0x000000008e100000|  0%| F|  |TAMS 0x000000008e000000, 0x000000008e000000| Untracked 
| 225|0x000000008e100000, 0x000000008e100000, 0x000000008e200000|  0%| F|  |TAMS 0x000000008e100000, 0x000000008e100000| Untracked 
| 226|0x000000008e200000, 0x000000008e200000, 0x000000008e300000|  0%| F|  |TAMS 0x000000008e200000, 0x000000008e200000| Untracked 
| 227|0x000000008e300000, 0x000000008e300000, 0x000000008e400000|  0%| F|  |TAMS 0x000000008e300000, 0x000000008e300000| Untracked 
| 228|0x000000008e400000, 0x000000008e400000, 0x000000008e500000|  0%| F|  |TAMS 0x000000008e400000, 0x000000008e400000| Untracked 
| 229|0x000000008e500000, 0x000000008e500000, 0x000000008e600000|  0%| F|  |TAMS 0x000000008e500000, 0x000000008e500000| Untracked 
| 230|0x000000008e600000, 0x000000008e600000, 0x000000008e700000|  0%| F|  |TAMS 0x000000008e600000, 0x000000008e600000| Untracked 
| 231|0x000000008e700000, 0x000000008e700000, 0x000000008e800000|  0%| F|  |TAMS 0x000000008e700000, 0x000000008e700000| Untracked 
| 232|0x000000008e800000, 0x000000008e800000, 0x000000008e900000|  0%| F|  |TAMS 0x000000008e800000, 0x000000008e800000| Untracked 
| 233|0x000000008e900000, 0x000000008e900000, 0x000000008ea00000|  0%| F|  |TAMS 0x000000008e900000, 0x000000008e900000| Untracked 
| 234|0x000000008ea00000, 0x000000008ea00000, 0x000000008eb00000|  0%| F|  |TAMS 0x000000008ea00000, 0x000000008ea00000| Untracked 
| 235|0x000000008eb00000, 0x000000008eb00000, 0x000000008ec00000|  0%| F|  |TAMS 0x000000008eb00000, 0x000000008eb00000| Untracked 
| 236|0x000000008ec00000, 0x000000008ec00000, 0x000000008ed00000|  0%| F|  |TAMS 0x000000008ec00000, 0x000000008ec00000| Untracked 
| 237|0x000000008ed00000, 0x000000008ed00000, 0x000000008ee00000|  0%| F|  |TAMS 0x000000008ed00000, 0x000000008ed00000| Untracked 
| 238|0x000000008ee00000, 0x000000008eea3110, 0x000000008ef00000| 63%| S|CS|TAMS 0x000000008ee00000, 0x000000008ee00000| Complete 
| 239|0x000000008ef00000, 0x000000008f000000, 0x000000008f000000|100%| S|CS|TAMS 0x000000008ef00000, 0x000000008ef00000| Complete 
| 240|0x000000008f000000, 0x000000008f000000, 0x000000008f100000|  0%| F|  |TAMS 0x000000008f000000, 0x000000008f000000| Untracked 
| 241|0x000000008f100000, 0x000000008f100000, 0x000000008f200000|  0%| F|  |TAMS 0x000000008f100000, 0x000000008f100000| Untracked 
| 242|0x000000008f200000, 0x000000008f200000, 0x000000008f300000|  0%| F|  |TAMS 0x000000008f200000, 0x000000008f200000| Untracked 

Card table byte_map: [0x000001ddf5400000,0x000001ddf5800000] _byte_map_base: 0x000001ddf5000000

Marking Bits (Prev, Next): (CMBitMap*) 0x000001ddf16ba320, (CMBitMap*) 0x000001ddf16ba2e8
 Prev Bits: [0x000001ddf7c00000, 0x000001ddf9c00000)
 Next Bits: [0x000001ddf5c00000, 0x000001ddf7c00000)

Polling page: 0x000001ddef640000

Metaspace:

Usage:
  Non-class:    129.99 MB capacity,   127.29 MB ( 98%) used,     2.22 MB (  2%) free+waste,   492.88 KB ( <1%) overhead. 
      Class:     19.60 MB capacity,    18.12 MB ( 92%) used,     1.26 MB (  6%) free+waste,   219.44 KB (  1%) overhead. 
       Both:    149.58 MB capacity,   145.41 MB ( 97%) used,     3.48 MB (  2%) free+waste,   712.31 KB ( <1%) overhead. 

Virtual space:
  Non-class space:      132.00 MB reserved,     130.20 MB ( 99%) committed 
      Class space:        1.00 GB reserved,      19.63 MB (  2%) committed 
             Both:        1.13 GB reserved,     149.82 MB ( 13%) committed 

Chunk freelists:
   Non-Class:  23.00 KB
       Class:  0 bytes
        Both:  23.00 KB

MaxMetaspaceSize: 17179869184.00 GB
CompressedClassSpaceSize: 1.00 GB

CodeHeap 'non-profiled nmethods': size=120064Kb used=17142Kb max_used=17142Kb free=102921Kb
 bounds [0x000001dd87ac0000, 0x000001dd88b80000, 0x000001dd8f000000]
CodeHeap 'profiled nmethods': size=120000Kb used=46633Kb max_used=46633Kb free=73367Kb
 bounds [0x000001dd80590000, 0x000001dd83360000, 0x000001dd87ac0000]
CodeHeap 'non-nmethods': size=5696Kb used=2314Kb max_used=2370Kb free=3382Kb
 bounds [0x000001dd80000000, 0x000001dd80270000, 0x000001dd80590000]
 total_blobs=23419 nmethods=22484 adapters=846
 compilation: enabled
              stopped_count=0, restarted_count=0
 full_count=0

Compilation events (20 events):
Event: 5761.663 Thread 0x000001ddfc10a000 28206       3       com.android.tools.r8.v.b.v1::J (23 bytes)
Event: 5761.664 Thread 0x000001ddfc10a000 nmethod 28206 0x000001dd822d5b90 code [0x000001dd822d5d80, 0x000001dd822d6248]
Event: 5761.664 Thread 0x000001ddfc10a000 28208       3       com.android.tools.r8.v.b.l::p (2 bytes)
Event: 5761.664 Thread 0x000001ddfc10a000 nmethod 28208 0x000001dd81e76490 code [0x000001dd81e76640, 0x000001dd81e76738]
Event: 5761.664 Thread 0x000001ddfc10a000 28207       3       com.android.tools.r8.v.b.B::d2 (43 bytes)
Event: 5761.665 Thread 0x000001ddfc10a000 nmethod 28207 0x000001dd81e9a810 code [0x000001dd81e9a9c0, 0x000001dd81e9aad8]
Event: 5761.668 Thread 0x000001ddfc10a000 28212       3       com.android.tools.r8.v.b.Q0::a2 (14 bytes)
Event: 5761.669 Thread 0x000001ddfc10a000 nmethod 28212 0x000001dd822e1b10 code [0x000001dd822e1ce0, 0x000001dd822e1f88]
Event: 5761.684 Thread 0x000001ddfc10a000 28213       3       com.android.tools.r8.v.b.o0::<init> (50 bytes)
Event: 5761.686 Thread 0x000001ddfc10a000 nmethod 28213 0x000001dd82315310 code [0x000001dd82315520, 0x000001dd82315b78]
Event: 5761.690 Thread 0x000001ddfc10a000 28214 %     3       com.android.tools.r8.v.b.T0::a @ 0 (30 bytes)
Event: 5761.691 Thread 0x000001ddfc10a000 nmethod 28214% 0x000001dd82357790 code [0x000001dd82357980, 0x000001dd82357e48]
Event: 5761.691 Thread 0x000001ddfc10a000 28215       3       com.android.tools.r8.v.b.T0::a (30 bytes)
Event: 5761.692 Thread 0x000001ddfc10a000 nmethod 28215 0x000001dd82371510 code [0x000001dd82371700, 0x000001dd82371b68]
Event: 5761.704 Thread 0x000001ddfc10a000 28217       2       com.android.tools.r8.graph.h0::a (76 bytes)
Event: 5761.706 Thread 0x000001ddfc10a000 nmethod 28217 0x000001dd824b7c10 code [0x000001dd824b7e40, 0x000001dd824b8228]
Event: 5761.706 Thread 0x000001ddfc10a000 28218       2       com.android.tools.r8.v.a.t.m::a (65 bytes)
Event: 5761.707 Thread 0x000001ddfc10a000 nmethod 28218 0x000001dd8219f510 code [0x000001dd8219f6c0, 0x000001dd8219f838]
Event: 5761.707 Thread 0x000001ddfc10a000 28220       2       com.android.tools.r8.v.a.t.l::c (4 bytes)
Event: 5761.707 Thread 0x000001ddfc10a000 nmethod 28220 0x000001dd805d7110 code [0x000001dd805d72c0, 0x000001dd805d7398]

GC Heap History (20 events):
Event: 5739.448 GC heap after
{Heap after GC invocations=174 (full 0):
 garbage-first heap   total 206848K, used 122051K [0x0000000080000000, 0x0000000100000000)
  region size 1024K, 6 young (6144K), 6 survivors (6144K)
 Metaspace       used 138146K, capacity 142154K, committed 142284K, reserved 1173504K
  class space    used 17248K, capacity 18659K, committed 18688K, reserved 1048576K
}
Event: 5739.759 GC heap before
{Heap before GC invocations=174 (full 0):
 garbage-first heap   total 206848K, used 125123K [0x0000000080000000, 0x0000000100000000)
  region size 1024K, 10 young (10240K), 6 survivors (6144K)
 Metaspace       used 138313K, capacity 142346K, committed 142540K, reserved 1173504K
  class space    used 17255K, capacity 18659K, committed 18688K, reserved 1048576K
}
Event: 5739.806 GC heap after
{Heap after GC invocations=175 (full 0):
 garbage-first heap   total 206848K, used 108919K [0x0000000080000000, 0x0000000100000000)
  region size 1024K, 1 young (1024K), 1 survivors (1024K)
 Metaspace       used 138313K, capacity 142346K, committed 142540K, reserved 1173504K
  class space    used 17255K, capacity 18659K, committed 18688K, reserved 1048576K
}
Event: 5749.529 GC heap before
{Heap before GC invocations=175 (full 0):
 garbage-first heap   total 206848K, used 165239K [0x0000000080000000, 0x0000000100000000)
  region size 1024K, 57 young (58368K), 1 survivors (1024K)
 Metaspace       used 139580K, capacity 143656K, committed 143692K, reserved 1173504K
  class space    used 17385K, capacity 18811K, committed 18816K, reserved 1048576K
}
Event: 5749.572 GC heap after
{Heap after GC invocations=176 (full 0):
 garbage-first heap   total 206848K, used 114643K [0x0000000080000000, 0x0000000100000000)
  region size 1024K, 7 young (7168K), 7 survivors (7168K)
 Metaspace       used 139580K, capacity 143656K, committed 143692K, reserved 1173504K
  class space    used 17385K, capacity 18811K, committed 18816K, reserved 1048576K
}
Event: 5750.661 GC heap before
{Heap before GC invocations=177 (full 0):
 garbage-first heap   total 206848K, used 166867K [0x0000000080000000, 0x0000000100000000)
  region size 1024K, 59 young (60416K), 7 survivors (7168K)
 Metaspace       used 140182K, capacity 144280K, committed 144588K, reserved 1175552K
  class space    used 17436K, capacity 18888K, committed 18944K, reserved 1048576K
}
Event: 5750.694 GC heap after
{Heap after GC invocations=178 (full 0):
 garbage-first heap   total 248832K, used 115192K [0x0000000080000000, 0x0000000100000000)
  region size 1024K, 2 young (2048K), 2 survivors (2048K)
 Metaspace       used 140182K, capacity 144280K, committed 144588K, reserved 1175552K
  class space    used 17436K, capacity 18888K, committed 18944K, reserved 1048576K
}
Event: 5750.984 GC heap before
{Heap before GC invocations=178 (full 0):
 garbage-first heap   total 248832K, used 125432K [0x0000000080000000, 0x0000000100000000)
  region size 1024K, 12 young (12288K), 2 survivors (2048K)
 Metaspace       used 140332K, capacity 144411K, committed 144588K, reserved 1175552K
  class space    used 17455K, capacity 18889K, committed 18944K, reserved 1048576K
}
Event: 5750.999 GC heap after
{Heap after GC invocations=179 (full 0):
 garbage-first heap   total 248832K, used 113093K [0x0000000080000000, 0x0000000100000000)
  region size 1024K, 1 young (1024K), 1 survivors (1024K)
 Metaspace       used 140332K, capacity 144411K, committed 144588K, reserved 1175552K
  class space    used 17455K, capacity 18889K, committed 18944K, reserved 1048576K
}
Event: 5753.252 GC heap before
{Heap before GC invocations=179 (full 0):
 garbage-first heap   total 248832K, used 149957K [0x0000000080000000, 0x0000000100000000)
  region size 1024K, 38 young (38912K), 1 survivors (1024K)
 Metaspace       used 140814K, capacity 144872K, committed 145100K, reserved 1175552K
  class space    used 17485K, capacity 18893K, committed 18944K, reserved 1048576K
}
Event: 5753.304 GC heap after
{Heap after GC invocations=180 (full 0):
 garbage-first heap   total 248832K, used 118583K [0x0000000080000000, 0x0000000100000000)
  region size 1024K, 6 young (6144K), 6 survivors (6144K)
 Metaspace       used 140814K, capacity 144872K, committed 145100K, reserved 1175552K
  class space    used 17485K, capacity 18893K, committed 18944K, reserved 1048576K
}
Event: 5757.767 GC heap before
{Heap before GC invocations=181 (full 0):
 garbage-first heap   total 248832K, used 197431K [0x0000000080000000, 0x0000000100000000)
  region size 1024K, 81 young (82944K), 6 survivors (6144K)
 Metaspace       used 141464K, capacity 145525K, committed 145612K, reserved 1175552K
  class space    used 17506K, capacity 18909K, committed 18944K, reserved 1048576K
}
Event: 5757.878 GC heap after
{Heap after GC invocations=182 (full 0):
 garbage-first heap   total 248832K, used 133008K [0x0000000080000000, 0x0000000100000000)
  region size 1024K, 11 young (11264K), 11 survivors (11264K)
 Metaspace       used 141464K, capacity 145525K, committed 145612K, reserved 1175552K
  class space    used 17506K, capacity 18909K, committed 18944K, reserved 1048576K
}
Event: 5757.997 GC heap before
{Heap before GC invocations=182 (full 0):
 garbage-first heap   total 248832K, used 134032K [0x0000000080000000, 0x0000000100000000)
  region size 1024K, 12 young (12288K), 11 survivors (11264K)
 Metaspace       used 141504K, capacity 145589K, committed 145868K, reserved 1175552K
  class space    used 17506K, capacity 18909K, committed 18944K, reserved 1048576K
}
Event: 5758.086 GC heap after
{Heap after GC invocations=183 (full 0):
 garbage-first heap   total 248832K, used 134486K [0x0000000080000000, 0x0000000100000000)
  region size 1024K, 2 young (2048K), 2 survivors (2048K)
 Metaspace       used 141504K, capacity 145589K, committed 145868K, reserved 1175552K
  class space    used 17506K, capacity 18909K, committed 18944K, reserved 1048576K
}
Event: 5758.625 GC heap before
{Heap before GC invocations=183 (full 0):
 garbage-first heap   total 248832K, used 143702K [0x0000000080000000, 0x0000000100000000)
  region size 1024K, 13 young (13312K), 2 survivors (2048K)
 Metaspace       used 141646K, capacity 145720K, committed 145868K, reserved 1175552K
  class space    used 17515K, capacity 18910K, committed 18944K, reserved 1048576K
}
Event: 5758.642 GC heap after
{Heap after GC invocations=184 (full 0):
 garbage-first heap   total 248832K, used 133467K [0x0000000080000000, 0x0000000100000000)
  region size 1024K, 1 young (1024K), 1 survivors (1024K)
 Metaspace       used 141646K, capacity 145720K, committed 145868K, reserved 1175552K
  class space    used 17515K, capacity 18910K, committed 18944K, reserved 1048576K
}
Event: 5761.564 GC heap before
{Heap before GC invocations=185 (full 0):
 garbage-first heap   total 248832K, used 205147K [0x0000000080000000, 0x0000000100000000)
  region size 1024K, 68 young (69632K), 1 survivors (1024K)
 Metaspace       used 148896K, capacity 153174K, committed 153420K, reserved 1183744K
  class space    used 18555K, capacity 20066K, committed 20096K, reserved 1048576K
}
Event: 5761.613 GC heap after
{Heap after GC invocations=186 (full 0):
 garbage-first heap   total 248832K, used 143275K [0x0000000080000000, 0x0000000100000000)
  region size 1024K, 9 young (9216K), 9 survivors (9216K)
 Metaspace       used 148896K, capacity 153174K, committed 153420K, reserved 1183744K
  class space    used 18555K, capacity 20066K, committed 20096K, reserved 1048576K
}
Event: 5761.709 GC heap before
{Heap before GC invocations=186 (full 0):
 garbage-first heap   total 248832K, used 146347K [0x0000000080000000, 0x0000000100000000)
  region size 1024K, 12 young (12288K), 9 survivors (9216K)
 Metaspace       used 148902K, capacity 153175K, committed 153420K, reserved 1183744K
  class space    used 18555K, capacity 20066K, committed 20096K, reserved 1048576K
}

Deoptimization events (20 events):
Event: 5760.756 Thread 0x000001ddff1cd800 DEOPT PACKING pc=0x000001dd8803ea04 sp=0x00000067969fd4d0
Event: 5760.756 Thread 0x000001ddfe632000 DEOPT PACKING pc=0x000001dd8803ea04 sp=0x0000006796dfd450
Event: 5760.757 Thread 0x000001ddff1cd800 DEOPT UNPACKING pc=0x000001dd800268a9 sp=0x00000067969fd430 mode 2
Event: 5760.757 Thread 0x000001ddfe632000 DEOPT UNPACKING pc=0x000001dd800268a9 sp=0x0000006796dfd3b0 mode 2
Event: 5760.757 Thread 0x000001ddff1cd800 Uncommon trap: trap_request=0xffffffc6 fr.pc=0x000001dd88b66f60 relative=0x0000000000000380
Event: 5760.757 Thread 0x000001ddfe632000 Uncommon trap: trap_request=0xffffffc6 fr.pc=0x000001dd88b66f60 relative=0x0000000000000380
Event: 5760.757 Thread 0x000001ddff1cd800 Uncommon trap: reason=bimorphic_or_optimized_type_check action=maybe_recompile pc=0x000001dd88b66f60 method=com.android.tools.r8.s.a.a.b.M0.hasNext()Z @ 9 c2
Event: 5760.757 Thread 0x000001ddfe632000 Uncommon trap: reason=bimorphic_or_optimized_type_check action=maybe_recompile pc=0x000001dd88b66f60 method=com.android.tools.r8.s.a.a.b.M0.hasNext()Z @ 9 c2
Event: 5760.757 Thread 0x000001ddff1cd800 DEOPT PACKING pc=0x000001dd88b66f60 sp=0x00000067969fd4e0
Event: 5760.757 Thread 0x000001ddfe632000 DEOPT PACKING pc=0x000001dd88b66f60 sp=0x0000006796dfd460
Event: 5760.757 Thread 0x000001ddff1cd800 DEOPT UNPACKING pc=0x000001dd800268a9 sp=0x00000067969fd490 mode 2
Event: 5760.757 Thread 0x000001ddfe632000 DEOPT UNPACKING pc=0x000001dd800268a9 sp=0x0000006796dfd410 mode 2
Event: 5760.757 Thread 0x000001ddff1cd800 Uncommon trap: trap_request=0xffffffc6 fr.pc=0x000001dd8803ea04 relative=0x0000000000000584
Event: 5760.757 Thread 0x000001ddff1cd800 Uncommon trap: reason=bimorphic_or_optimized_type_check action=maybe_recompile pc=0x000001dd8803ea04 method=com.android.tools.r8.s.a.a.b.M0.hasNext()Z @ 9 c2
Event: 5760.757 Thread 0x000001ddfe632000 Uncommon trap: trap_request=0xffffffc6 fr.pc=0x000001dd8803ea04 relative=0x0000000000000584
Event: 5760.757 Thread 0x000001ddfe632000 Uncommon trap: reason=bimorphic_or_optimized_type_check action=maybe_recompile pc=0x000001dd8803ea04 method=com.android.tools.r8.s.a.a.b.M0.hasNext()Z @ 9 c2
Event: 5760.757 Thread 0x000001ddff1cd800 DEOPT PACKING pc=0x000001dd8803ea04 sp=0x00000067969fd4d0
Event: 5760.757 Thread 0x000001ddfe632000 DEOPT PACKING pc=0x000001dd8803ea04 sp=0x0000006796dfd450
Event: 5760.757 Thread 0x000001ddff1cd800 DEOPT UNPACKING pc=0x000001dd800268a9 sp=0x00000067969fd430 mode 2
Event: 5760.757 Thread 0x000001ddfe632000 DEOPT UNPACKING pc=0x000001dd800268a9 sp=0x0000006796dfd3b0 mode 2

Classes redefined (0 events):
No events

Internal exceptions (20 events):
Event: 5757.444 Thread 0x000001ddff1cc000 Exception <a 'sun/nio/fs/WindowsException'{0x000000008a646fa0}> (0x000000008a646fa0) thrown at [./src/hotspot/share/prims/jni.cpp, line 615]
Event: 5757.583 Thread 0x000001ddff1cc000 Exception <a 'sun/nio/fs/WindowsException'{0x000000008a4df0b0}> (0x000000008a4df0b0) thrown at [./src/hotspot/share/prims/jni.cpp, line 615]
Event: 5757.606 Thread 0x000001ddff1cc000 Exception <a 'sun/nio/fs/WindowsException'{0x000000008a3210d8}> (0x000000008a3210d8) thrown at [./src/hotspot/share/prims/jni.cpp, line 615]
Event: 5757.726 Thread 0x000001ddff1cc000 Exception <a 'sun/nio/fs/WindowsException'{0x000000008a2a6db8}> (0x000000008a2a6db8) thrown at [./src/hotspot/share/prims/jni.cpp, line 615]
Event: 5757.734 Thread 0x000001ddff1cc000 Exception <a 'sun/nio/fs/WindowsException'{0x000000008a2bb250}> (0x000000008a2bb250) thrown at [./src/hotspot/share/prims/jni.cpp, line 615]
Event: 5757.759 Thread 0x000001ddff1cc000 Exception <a 'sun/nio/fs/WindowsException'{0x000000008a2f22b8}> (0x000000008a2f22b8) thrown at [./src/hotspot/share/prims/jni.cpp, line 615]
Event: 5757.895 Thread 0x000001ddff1cc000 Exception <a 'sun/nio/fs/WindowsException'{0x000000008f21e218}> (0x000000008f21e218) thrown at [./src/hotspot/share/prims/jni.cpp, line 615]
Event: 5757.916 Thread 0x000001ddff1cc000 Exception <a 'sun/nio/fs/WindowsException'{0x000000008f245fb0}> (0x000000008f245fb0) thrown at [./src/hotspot/share/prims/jni.cpp, line 615]
Event: 5757.935 Thread 0x000001ddff1cc000 Exception <a 'sun/nio/fs/WindowsException'{0x000000008f278b30}> (0x000000008f278b30) thrown at [./src/hotspot/share/prims/jni.cpp, line 615]
Event: 5757.957 Thread 0x000001ddff1cc000 Exception <a 'sun/nio/fs/WindowsException'{0x000000008f2ad928}> (0x000000008f2ad928) thrown at [./src/hotspot/share/prims/jni.cpp, line 615]
Event: 5757.983 Thread 0x000001ddff1cc000 Exception <a 'sun/nio/fs/WindowsException'{0x000000008f2e1638}> (0x000000008f2e1638) thrown at [./src/hotspot/share/prims/jni.cpp, line 615]
Event: 5758.125 Thread 0x000001ddff1cc000 Exception <a 'sun/nio/fs/WindowsException'{0x000000008f2823b8}> (0x000000008f2823b8) thrown at [./src/hotspot/share/prims/jni.cpp, line 615]
Event: 5758.173 Thread 0x000001ddff1cc000 Exception <a 'sun/nio/fs/WindowsException'{0x000000008ef40a80}> (0x000000008ef40a80) thrown at [./src/hotspot/share/prims/jni.cpp, line 615]
Event: 5758.187 Thread 0x000001ddff1cc000 Exception <a 'sun/nio/fs/WindowsException'{0x000000008ef71840}> (0x000000008ef71840) thrown at [./src/hotspot/share/prims/jni.cpp, line 615]
Event: 5758.201 Thread 0x000001ddff1cc000 Exception <a 'sun/nio/fs/WindowsException'{0x000000008efb5bb0}> (0x000000008efb5bb0) thrown at [./src/hotspot/share/prims/jni.cpp, line 615]
Event: 5758.216 Thread 0x000001ddff1cc000 Exception <a 'sun/nio/fs/WindowsException'{0x000000008efe0020}> (0x000000008efe0020) thrown at [./src/hotspot/share/prims/jni.cpp, line 615]
Event: 5758.259 Thread 0x000001ddff1cc000 Exception <a 'sun/nio/fs/WindowsException'{0x000000008eeb3100}> (0x000000008eeb3100) thrown at [./src/hotspot/share/prims/jni.cpp, line 615]
Event: 5758.849 Thread 0x000001ddff1cc000 Exception <a 'sun/nio/fs/WindowsException'{0x000000008f037718}> (0x000000008f037718) thrown at [./src/hotspot/share/prims/jni.cpp, line 615]
Event: 5758.886 Thread 0x000001ddff1cc000 Exception <a 'java/lang/NoSuchMethodError'{0x000000008f0d3630}: <clinit>> (0x000000008f0d3630) thrown at [./src/hotspot/share/prims/jni.cpp, line 1362]
Event: 5759.554 Thread 0x000001ddff1cd800 Exception <a 'java/lang/NoSuchMethodError'{0x000000008dcb82b8}: 'java.lang.Object java.lang.invoke.DirectMethodHandle$Holder.invokeStatic(java.lang.Object, java.lang.Object, java.lang.Object, java.lang.Object, java.lang.Object, java.lang.Object, java.lang.Object, java.lang.Object, java.lang.Object, java.lang.Object, java.lang.Object, java.lang.Object, java.lang.Object, java.lang.Object, java.lang.Object, java.lang.Object, java.lang.Object, int, java.lang.Object)'> (0x000000008dcb82b8) thrown at [./src/hots

Events (20 events):
Event: 5761.191 loading class com/android/tools/r8/v/b/b1 done
Event: 5761.191 loading class com/android/tools/r8/v/b/b1
Event: 5761.191 loading class com/android/tools/r8/v/b/b1 done
Event: 5761.191 loading class com/android/tools/r8/v/b/b1
Event: 5761.191 loading class com/android/tools/r8/v/b/b1 done
Event: 5761.192 loading class com/android/tools/r8/graph/O$a
Event: 5761.192 loading class com/android/tools/r8/graph/O$a done
Event: 5761.193 loading class com/android/tools/r8/graph/O$b
Event: 5761.193 loading class com/android/tools/r8/graph/O$b done
Event: 5761.194 loading class com/android/tools/r8/graph/V
Event: 5761.194 loading class com/android/tools/r8/graph/V done
Event: 5761.197 loading class com/android/tools/r8/graph/W
Event: 5761.197 loading class com/android/tools/r8/graph/W done
Event: 5761.199 loading class com/android/tools/r8/ir/optimize/x$b
Event: 5761.199 loading class com/android/tools/r8/ir/optimize/x$b done
Event: 5761.201 loading class com/android/tools/r8/ir/optimize/x
Event: 5761.201 loading class com/android/tools/r8/ir/optimize/x done
Event: 5761.563 Executing VM operation: G1CollectForAllocation
Event: 5761.613 Executing VM operation: G1CollectForAllocation done
Event: 5761.709 Executing VM operation: G1CollectForAllocation


Dynamic libraries:
0x00007ff618820000 - 0x00007ff61882a000 	C:\Program Files\Android\Android Studio\jre\bin\java.exe
0x00007ffa75d30000 - 0x00007ffa75f25000 	C:\WINDOWS\SYSTEM32\ntdll.dll
0x00007ffa757b0000 - 0x00007ffa7586e000 	C:\WINDOWS\System32\KERNEL32.DLL
0x00007ffa73700000 - 0x00007ffa739c8000 	C:\WINDOWS\System32\KERNELBASE.dll
0x00007ffa73550000 - 0x00007ffa73650000 	C:\WINDOWS\System32\ucrtbase.dll
0x00007ffa5f3c0000 - 0x00007ffa5f3d9000 	C:\Program Files\Android\Android Studio\jre\bin\jli.dll
0x00007ffa5efb0000 - 0x00007ffa5efc7000 	C:\Program Files\Android\Android Studio\jre\bin\VCRUNTIME140.dll
0x00007ffa75b10000 - 0x00007ffa75cb1000 	C:\WINDOWS\System32\USER32.dll
0x00007ffa73b40000 - 0x00007ffa73b62000 	C:\WINDOWS\System32\win32u.dll
0x00007ffa73d70000 - 0x00007ffa73d9b000 	C:\WINDOWS\System32\GDI32.dll
0x00007ffa73a30000 - 0x00007ffa73b3d000 	C:\WINDOWS\System32\gdi32full.dll
0x00007ffa63f60000 - 0x00007ffa641fa000 	C:\WINDOWS\WinSxS\amd64_microsoft.windows.common-controls_6595b64144ccf1df_6.0.19041.1110_none_60b5254171f9507e\COMCTL32.dll
0x00007ffa73cd0000 - 0x00007ffa73d6d000 	C:\WINDOWS\System32\msvcp_win.dll
0x00007ffa73fa0000 - 0x00007ffa7403e000 	C:\WINDOWS\System32\msvcrt.dll
0x00007ffa75cc0000 - 0x00007ffa75cf0000 	C:\WINDOWS\System32\IMM32.DLL
0x00007ffa46c30000 - 0x00007ffa46ccd000 	C:\Program Files\Android\Android Studio\jre\bin\msvcp140.dll
0x00007ffa44e60000 - 0x00007ffa4591c000 	C:\Program Files\Android\Android Studio\jre\bin\server\jvm.dll
0x00007ffa73ee0000 - 0x00007ffa73f8e000 	C:\WINDOWS\System32\ADVAPI32.dll
0x00007ffa74ad0000 - 0x00007ffa74b6c000 	C:\WINDOWS\System32\sechost.dll
0x00007ffa73db0000 - 0x00007ffa73ed5000 	C:\WINDOWS\System32\RPCRT4.dll
0x00007ffa73f90000 - 0x00007ffa73f98000 	C:\WINDOWS\System32\PSAPI.DLL
0x00007ffa5dfd0000 - 0x00007ffa5dfd9000 	C:\WINDOWS\SYSTEM32\WSOCK32.dll
0x00007ffa605c0000 - 0x00007ffa605e7000 	C:\WINDOWS\SYSTEM32\WINMM.dll
0x00007ffa63d30000 - 0x00007ffa63d3a000 	C:\WINDOWS\SYSTEM32\VERSION.dll
0x00007ffa74040000 - 0x00007ffa740ab000 	C:\WINDOWS\System32\WS2_32.dll
0x00007ffa71d10000 - 0x00007ffa71d22000 	C:\WINDOWS\SYSTEM32\kernel.appcore.dll
0x00007ffa6c810000 - 0x00007ffa6c821000 	C:\Program Files\Android\Android Studio\jre\bin\verify.dll
0x00007ffa71980000 - 0x00007ffa71b64000 	C:\WINDOWS\SYSTEM32\DBGHELP.DLL
0x00007ffa60130000 - 0x00007ffa6015c000 	C:\WINDOWS\SYSTEM32\dbgcore.DLL
0x00007ffa73470000 - 0x00007ffa734f2000 	C:\WINDOWS\System32\bcryptPrimitives.dll
0x00007ffa61e90000 - 0x00007ffa61eb9000 	C:\Program Files\Android\Android Studio\jre\bin\java.dll
0x00007ffa6d1d0000 - 0x00007ffa6d1db000 	C:\Program Files\Android\Android Studio\jre\bin\jimage.dll
0x00007ffa6bbc0000 - 0x00007ffa6bbd8000 	C:\Program Files\Android\Android Studio\jre\bin\zip.dll
0x00007ffa74300000 - 0x00007ffa74a44000 	C:\WINDOWS\System32\SHELL32.dll
0x00007ffa710b0000 - 0x00007ffa71845000 	C:\WINDOWS\SYSTEM32\windows.storage.dll
0x00007ffa752d0000 - 0x00007ffa75625000 	C:\WINDOWS\System32\combase.dll
0x00007ffa72e20000 - 0x00007ffa72e4e000 	C:\WINDOWS\SYSTEM32\Wldp.dll
0x00007ffa740b0000 - 0x00007ffa7415d000 	C:\WINDOWS\System32\SHCORE.dll
0x00007ffa74160000 - 0x00007ffa741b5000 	C:\WINDOWS\System32\shlwapi.dll
0x00007ffa73380000 - 0x00007ffa7339f000 	C:\WINDOWS\SYSTEM32\profapi.dll
0x00007ffa65750000 - 0x00007ffa6576a000 	C:\Program Files\Android\Android Studio\jre\bin\net.dll
0x00007ffa631f0000 - 0x00007ffa632fc000 	C:\WINDOWS\SYSTEM32\WINHTTP.dll
0x00007ffa72b20000 - 0x00007ffa72b8a000 	C:\WINDOWS\system32\mswsock.dll
0x00007ffa62820000 - 0x00007ffa62834000 	C:\Program Files\Android\Android Studio\jre\bin\nio.dll
0x00007ffa54f50000 - 0x00007ffa54f77000 	C:\Users\VITP\.gradle\native\fdc75f09e3144964f2cf3f50f0aa648679c211496f362492102eb8c894070792\windows-amd64\native-platform.dll
0x00007ffa46cd0000 - 0x00007ffa46e66000 	C:\Users\VITP\.gradle\native\12488b8bf47d2d4c9fbf2f6322a914ad602e24e48041cd04a747c6da556b65c4\windows-amd64\native-platform-file-events.dll
0x00007ffa6bd20000 - 0x00007ffa6bd2a000 	C:\Program Files\Android\Android Studio\jre\bin\management.dll
0x00007ffa6ba20000 - 0x00007ffa6ba2c000 	C:\Program Files\Android\Android Studio\jre\bin\management_ext.dll
0x00007ffa72d10000 - 0x00007ffa72d28000 	C:\WINDOWS\SYSTEM32\CRYPTSP.dll
0x00007ffa724a0000 - 0x00007ffa724d4000 	C:\WINDOWS\system32\rsaenh.dll
0x00007ffa73440000 - 0x00007ffa73467000 	C:\WINDOWS\System32\bcrypt.dll
0x00007ffa73340000 - 0x00007ffa7336e000 	C:\WINDOWS\SYSTEM32\USERENV.dll
0x00007ffa72d30000 - 0x00007ffa72d3c000 	C:\WINDOWS\SYSTEM32\CRYPTBASE.dll
0x00007ffa72810000 - 0x00007ffa7284b000 	C:\WINDOWS\SYSTEM32\IPHLPAPI.DLL
0x00007ffa73da0000 - 0x00007ffa73da8000 	C:\WINDOWS\System32\NSI.dll
0x00007ffa64b30000 - 0x00007ffa64b47000 	C:\WINDOWS\SYSTEM32\dhcpcsvc6.DLL
0x00007ffa65040000 - 0x00007ffa6505d000 	C:\WINDOWS\SYSTEM32\dhcpcsvc.DLL
0x00007ffa72850000 - 0x00007ffa7291b000 	C:\WINDOWS\SYSTEM32\DNSAPI.dll
0x00007ffa66470000 - 0x00007ffa6647b000 	C:\WINDOWS\SYSTEM32\WINNSI.DLL
0x00007ffa56280000 - 0x00007ffa562a7000 	C:\Program Files\Android\Android Studio\jre\bin\sunec.dll

dbghelp: loaded successfully - version: 4.0.5 - missing functions: none
symbol engine: initialized successfully - sym options: 0x614 - pdb path: .;C:\Program Files\Android\Android Studio\jre\bin;C:\WINDOWS\SYSTEM32;C:\WINDOWS\WinSxS\amd64_microsoft.windows.common-controls_6595b64144ccf1df_6.0.19041.1110_none_60b5254171f9507e;C:\Program Files\Android\Android Studio\jre\bin\server;C:\Users\VITP\.gradle\native\fdc75f09e3144964f2cf3f50f0aa648679c211496f362492102eb8c894070792\windows-amd64;C:\Users\VITP\.gradle\native\12488b8bf47d2d4c9fbf2f6322a914ad602e24e48041cd04a747c6da556b65c4\windows-amd64

VM Arguments:
jvm_args: --add-opens=java.base/java.util=ALL-UNNAMED --add-opens=java.base/java.lang=ALL-UNNAMED --add-opens=java.base/java.lang.invoke=ALL-UNNAMED --add-opens=java.prefs/java.util.prefs=ALL-UNNAMED -Xmx2048m -Dfile.encoding=UTF-8 -Duser.country=US -Duser.language=en -Duser.variant 
java_command: org.gradle.launcher.daemon.bootstrap.GradleDaemon 6.7.1
java_class_path (initial): C:\Users\VITP\.gradle\wrapper\dists\gradle-6.7.1-bin\bwlcbys1h7rz3272sye1xwiv6\gradle-6.7.1\lib\gradle-launcher-6.7.1.jar
Launcher Type: SUN_STANDARD

[Global flags]
     intx CICompilerCount                          = 3                                         {product} {ergonomic}
     uint ConcGCThreads                            = 1                                         {product} {ergonomic}
     uint G1ConcRefinementThreads                  = 4                                         {product} {ergonomic}
   size_t G1HeapRegionSize                         = 1048576                                   {product} {ergonomic}
    uintx GCDrainStackTargetSize                   = 64                                        {product} {ergonomic}
   size_t InitialHeapSize                          = 65011712                                  {product} {ergonomic}
   size_t MarkStackSize                            = 4194304                                   {product} {ergonomic}
   size_t MaxHeapSize                              = 2147483648                                {product} {command line}
   size_t MaxNewSize                               = 1287651328                                {product} {ergonomic}
   size_t MinHeapDeltaBytes                        = 1048576                                   {product} {ergonomic}
    uintx NonNMethodCodeHeapSize                   = 5830732                                {pd product} {ergonomic}
    uintx NonProfiledCodeHeapSize                  = 122913754                              {pd product} {ergonomic}
    uintx ProfiledCodeHeapSize                     = 122913754                              {pd product} {ergonomic}
    uintx ReservedCodeCacheSize                    = 251658240                              {pd product} {ergonomic}
     bool SegmentedCodeCache                       = true                                      {product} {ergonomic}
     bool UseCompressedClassPointers               = true                                 {lp64_product} {ergonomic}
     bool UseCompressedOops                        = true                                 {lp64_product} {ergonomic}
     bool UseG1GC                                  = true                                      {product} {ergonomic}
     bool UseLargePagesIndividualAllocation        = false                                  {pd product} {ergonomic}

Logging:
Log output configuration:
 #0: stdout all=warning uptime,level,tags
 #1: stderr all=off uptime,level,tags

Environment Variables:
PATH=C:\Program Files (x86)\Common Files\Oracle\Java\javapath;C:\WINDOWS\system32;C:\WINDOWS;C:\WINDOWS\System32\Wbem;C:\WINDOWS\System32\WindowsPowerShell\v1.0\;C:\WINDOWS\System32\OpenSSH\;C:\Program Files\Git\cmd;C:\Users\VITP\AppData\Local\atom\bin;%USERPROFILE%\AppData\Local\Microsoft\WindowsApps;
USERNAME=VITP
OS=Windows_NT
PROCESSOR_IDENTIFIER=Intel64 Family 6 Model 76 Stepping 3, GenuineIntel



---------------  S Y S T E M  ---------------

OS: Windows 10 , 64 bit Build 19041 (10.0.19041.1466)
OS uptime: 3 days 7:18 hours

CPU:total 4 (initial active 4) (4 cores per cpu, 1 threads per core) family 6 model 76 stepping 3, cmov, cx8, fxsr, mmx, sse, sse2, sse3, ssse3, sse4.1, sse4.2, popcnt, aes, clmul, erms, 3dnowpref, tsc, tscinvbit

Memory: 4k page, system-wide physical 3915M (229M free)
TotalPageFile size 6609M (AvailPageFile size 27M)
current process WorkingSet (physical memory assigned to process): 498M, peak: 498M
current process commit charge ("private bytes"): 638M, peak: 687M

vm_info: OpenJDK 64-Bit Server VM (11.0.8+10-b944.6842174) for windows-amd64 JRE (11.0.8+10-b944.6842174), built on Sep 19 2020 01:11:42 by "builder" with MS VC++ 14.0 (VS2015)

END.
